<?xml version="1.0" encoding="utf-8"?>
<shfbBuild product="Sandcastle Help File Builder" version="2014.5.31.0" projectFile="D:\TELERIK\Екипна работа\QPC\trunk\SandcastleDocumentation\GameFifteenDocumentation.shfbproj" started="7/15/2014 2:20:38 PM">
<buildStep step="Initializing">
Finding tools...
The Sandcastle tools are located in &#39;D:\Program Files (x86)\EWSoftware\Sandcastle Help File Builder\&#39;
Locating components in the following folder(s):
   D:\TELERIK\Екипна работа\QPC\trunk\SandcastleDocumentation
Using presentation style &#39;VS2013&#39; located in &#39;D:\Program Files (x86)\EWSoftware\Sandcastle Help File Builder\PresentationStyles\VS2013&#39;
Loading and initializing plug-ins...
Lightweight Website Style Version 2014.5.31.0
Copyright &#169; 2006-2014, Eric Woodruff, All Rights Reserved
Portions Copyright &#169; 2014, Sam Harwell, All Rights Reserved
</buildStep>
<buildStep step="ValidatingDocumentationSources">
Validating and copying documentation source information
Source: D:\TELERIK\Екипна работа\QPC\trunk\GameFifteenRefactored\GameFifteen\bin\Debug\GameFifteen.exe
    Found assembly &#39;D:\TELERIK\Екипна работа\QPC\trunk\GameFifteenRefactored\GameFifteen\bin\Debug\GameFifteen.exe&#39;
Source: D:\TELERIK\Екипна работа\QPC\trunk\GameFifteenRefactored\GameFifteen\bin\Debug\GameFifteen.xml

Copying XML comments files
    D:\TELERIK\Екипна работа\QPC\trunk\GameFifteenRefactored\GameFifteen\bin\Debug\GameFifteen.XML -&gt; D:\TELERIK\Екипна работа\QPC\trunk\SandcastleDocumentation\Documentation Output Path\Working\GameFifteen.XML
</buildStep>
<buildStep step="GenerateSharedContent">
Generating shared content files (en-US, English (United States))...
<plugIn name="Lightweight Website Style" behavior="After" priority="1000">
</plugIn>    Last step completed in 00:00:00.0020
</buildStep>
<buildStep step="GenerateApiFilter">
Generating API filter for MRefBuilder...
    Last step completed in 00:00:00.0010
</buildStep>
<buildStep step="GenerateReflectionInfo">
Generating reflection information...
[C:\Windows\Microsoft.NET\Framework64\v4.0.30319\MSBuild.exe]
Build started 7/15/2014 2:20:38 PM.
Project &quot;D:\TELERIK\…ЄЁЇ&#173;&#160; а&#160;Ў&#174;в&#160;\QPC\trunk\SandcastleDocumentation\Documentation Output Path\Working\GenerateRefInfo.proj&quot; on node 1 (default targets).
PrepareForBuild:
  Creating directory &quot;obj\Debug\&quot;.
GenerateRefInfo:
  MRefBuilder (v2014.5.31.0)
  Copyright c 2006-2014, Microsoft Corporation, All Rights Reserved.
  Portions Copyright c 2006-2014, Eric Woodruff, All Rights Reserved.
  Loaded 1 assemblies for reflection and 1 dependency assemblies.
  Wrote information on 2 namespaces, 16 types, and 83 members
  Copying file from &quot;reflection.org&quot; to &quot;reflection.all&quot;.
  XslTransform (v2014.5.31.0)
  Copyright c 2006-2014, Microsoft Corporation, All Rights Reserved.
  Portions Copyright c 2006-2014, Eric Woodruff, All Rights Reserved.
  Applying XSL transformation &#39;D:\Program Files (x86)\EWSoftware\Sandcastle Help File Builder\ProductionTransforms\MergeDuplicates.xsl&#39;.
Done Building Project &quot;D:\TELERIK\…ЄЁЇ&#173;&#160; а&#160;Ў&#174;в&#160;\QPC\trunk\SandcastleDocumentation\Documentation Output Path\Working\GenerateRefInfo.proj&quot; (default targets).

Build succeeded.

Time Elapsed 00:00:00.94
    Last step completed in 00:00:01.0181
</buildStep>
<buildStep step="TransformReflectionInfo">
Transforming reflection output...
[C:\Windows\Microsoft.NET\Framework64\v4.0.30319\MSBuild.exe]
Build started 7/15/2014 2:20:39 PM.
Project &quot;D:\TELERIK\…ЄЁЇ&#173;&#160; а&#160;Ў&#174;в&#160;\QPC\trunk\SandcastleDocumentation\Documentation Output Path\Working\TransformManifest.proj&quot; on node 1 (default targets).
TransformManifest:
  XslTransform (v2014.5.31.0)
  Copyright c 2006-2014, Microsoft Corporation, All Rights Reserved.
  Portions Copyright c 2006-2014, Eric Woodruff, All Rights Reserved.
  Applying XSL transformation &#39;D:\Program Files (x86)\EWSoftware\Sandcastle Help File Builder\\ProductionTransforms\ApplyVSDocModel.xsl&#39;.
  Copying file from &quot;reflection.xml&quot; to &quot;reflection.nofilenames&quot;.
  XslTransform (v2014.5.31.0)
  Copyright c 2006-2014, Microsoft Corporation, All Rights Reserved.
  Portions Copyright c 2006-2014, Eric Woodruff, All Rights Reserved.
  Applying XSL transformation &#39;D:\Program Files (x86)\EWSoftware\Sandcastle Help File Builder\ProductionTransforms\AddFilenames.xsl&#39;.
  XslTransform (v2014.5.31.0)
  Copyright c 2006-2014, Microsoft Corporation, All Rights Reserved.
  Portions Copyright c 2006-2014, Eric Woodruff, All Rights Reserved.
  Applying XSL transformation &#39;D:\Program Files (x86)\EWSoftware\Sandcastle Help File Builder\ProductionTransforms\ReflectionToManifest.xsl&#39;.
Done Building Project &quot;D:\TELERIK\…ЄЁЇ&#173;&#160; а&#160;Ў&#174;в&#160;\QPC\trunk\SandcastleDocumentation\Documentation Output Path\Working\TransformManifest.proj&quot; (default targets).

Build succeeded.

Time Elapsed 00:00:00.61
    Last step completed in 00:00:00.6910
</buildStep>
<buildStep step="GenerateNamespaceSummaries">
Generating namespace summary information...
    Last step completed in 00:00:00.0190
</buildStep>
<buildStep step="CopyAdditionalContent">
Copying additional content files...
No additional content to copy
    Last step completed in 00:00:00.0320
</buildStep>
<buildStep step="MergeTablesOfContents">
Merging conceptual and additional tables of contents...
    Last step completed in 00:00:00.0030
</buildStep>
<buildStep step="GenerateIntermediateTableOfContents">
Generating intermediate table of contents file...
[C:\Windows\Microsoft.NET\Framework64\v4.0.30319\MSBuild.exe]
Build started 7/15/2014 2:20:40 PM.
Project &quot;D:\TELERIK\…ЄЁЇ&#173;&#160; а&#160;Ў&#174;в&#160;\QPC\trunk\SandcastleDocumentation\Documentation Output Path\Working\GenerateIntermediateTOC.proj&quot; on node 1 (default targets).
GenerateIntermediateTOC:
  XslTransform (v2014.5.31.0)
  Copyright c 2006-2014, Microsoft Corporation, All Rights Reserved.
  Portions Copyright c 2006-2014, Eric Woodruff, All Rights Reserved.
  Applying XSL transformation &#39;D:\Program Files (x86)\EWSoftware\Sandcastle Help File Builder\\ProductionTransforms\CreateVSToc.xsl&#39;.
Done Building Project &quot;D:\TELERIK\…ЄЁЇ&#173;&#160; а&#160;Ў&#174;в&#160;\QPC\trunk\SandcastleDocumentation\Documentation Output Path\Working\GenerateIntermediateTOC.proj&quot; (default targets).

Build succeeded.

Time Elapsed 00:00:00.17
Generating conceptual content intermediate TOC file...
    Last step completed in 00:00:00.2730
</buildStep>
<buildStep step="CreateBuildAssemblerConfigs">
Creating Sandcastle configuration files...
    sandcastle.config
    Last step completed in 00:00:00.0970
</buildStep>
<buildStep step="MergeCustomConfigs">
Merging custom build component configurations
D:\TELERIK\Екипна работа\QPC\trunk\SandcastleDocumentation\Documentation Output Path\Working\sandcastle.config
    Last step completed in 00:00:00.0330
</buildStep>
<buildStep step="BuildReferenceTopics">
Building reference help topics...
[C:\Windows\Microsoft.NET\Framework64\v4.0.30319\MSBuild.exe]
Build started 7/15/2014 2:20:40 PM.
Project &quot;D:\TELERIK\…ЄЁЇ&#173;&#160; а&#160;Ў&#174;в&#160;\QPC\trunk\SandcastleDocumentation\Documentation Output Path\Working\BuildReferenceTopics.proj&quot; on node 1 (default targets).
BuildReferenceTopics:
  BuildAssembler (v2014.5.31.0)
  Copyright c 2006-2014, Microsoft Corporation, All Rights Reserved.
  Portions Copyright c 2006-2014, Eric Woodruff, All Rights Reserved.
  Loading configuration...
  Processing topics...
BuildAssembler : warning : ShowMissingComponent: [N:GameFifteen] Missing &lt;summary&gt; documentation [D:\TELERIK\…ЄЁЇ&#173;&#160; а&#160;Ў&#174;в&#160;\QPC\trunk\SandcastleDocumentation\Documentation Output Path\Working\BuildReferenceTopics.proj]
BuildAssembler : warning : ShowMissingComponent: [F:GameFifteen.Board.directionColumn] Missing &lt;summary&gt; documentation [D:\TELERIK\…ЄЁЇ&#173;&#160; а&#160;Ў&#174;в&#160;\QPC\trunk\SandcastleDocumentation\Documentation Output Path\Working\BuildReferenceTopics.proj]
BuildAssembler : warning : ShowMissingComponent: [F:GameFifteen.Board.directionRow] Missing &lt;summary&gt; documentation [D:\TELERIK\…ЄЁЇ&#173;&#160; а&#160;Ў&#174;в&#160;\QPC\trunk\SandcastleDocumentation\Documentation Output Path\Working\BuildReferenceTopics.proj]
BuildAssembler : warning : ShowMissingComponent: [F:GameFifteen.Board.EMPTY_CELL_VALUE] Missing &lt;summary&gt; documentation [D:\TELERIK\…ЄЁЇ&#173;&#160; а&#160;Ў&#174;в&#160;\QPC\trunk\SandcastleDocumentation\Documentation Output Path\Working\BuildReferenceTopics.proj]
BuildAssembler : warning : ShowMissingComponent: [P:GameFifteen.Board.EmptyCellColumn] Missing &lt;summary&gt; documentation [D:\TELERIK\…ЄЁЇ&#173;&#160; а&#160;Ў&#174;в&#160;\QPC\trunk\SandcastleDocumentation\Documentation Output Path\Working\BuildReferenceTopics.proj]
BuildAssembler : warning : ShowMissingComponent: [P:GameFifteen.Board.EmptyCellRow] Missing &lt;summary&gt; documentation [D:\TELERIK\…ЄЁЇ&#173;&#160; а&#160;Ў&#174;в&#160;\QPC\trunk\SandcastleDocumentation\Documentation Output Path\Working\BuildReferenceTopics.proj]
BuildAssembler : warning : ShowMissingComponent: [M:GameFifteen.Board.InitializeMatrix] Missing &lt;summary&gt; documentation [D:\TELERIK\…ЄЁЇ&#173;&#160; а&#160;Ў&#174;в&#160;\QPC\trunk\SandcastleDocumentation\Documentation Output Path\Working\BuildReferenceTopics.proj]
BuildAssembler : warning : ShowMissingComponent: [M:GameFifteen.Board.IsMatrixOrdered] Missing &lt;summary&gt; documentation [D:\TELERIK\…ЄЁЇ&#173;&#160; а&#160;Ў&#174;в&#160;\QPC\trunk\SandcastleDocumentation\Documentation Output Path\Working\BuildReferenceTopics.proj]
BuildAssembler : warning : ShowMissingComponent: [M:GameFifteen.Board.IsMatrixOrdered] Missing &lt;returns&gt; documentation [D:\TELERIK\…ЄЁЇ&#173;&#160; а&#160;Ў&#174;в&#160;\QPC\trunk\SandcastleDocumentation\Documentation Output Path\Working\BuildReferenceTopics.proj]
BuildAssembler : warning : ShowMissingComponent: [P:GameFifteen.Board.Matrix] Missing &lt;summary&gt; documentation [D:\TELERIK\…ЄЁЇ&#173;&#160; а&#160;Ў&#174;в&#160;\QPC\trunk\SandcastleDocumentation\Documentation Output Path\Working\BuildReferenceTopics.proj]
BuildAssembler : warning : ShowMissingComponent: [F:GameFifteen.Board.MATRIX_SIZE] Missing &lt;summary&gt; documentation [D:\TELERIK\…ЄЁЇ&#173;&#160; а&#160;Ў&#174;в&#160;\QPC\trunk\SandcastleDocumentation\Documentation Output Path\Working\BuildReferenceTopics.proj]
BuildAssembler : warning : ShowMissingComponent: [F:GameFifteen.Board.MATRIX_SIZE_COLUMNS] Missing &lt;summary&gt; documentation [D:\TELERIK\…ЄЁЇ&#173;&#160; а&#160;Ў&#174;в&#160;\QPC\trunk\SandcastleDocumentation\Documentation Output Path\Working\BuildReferenceTopics.proj]
BuildAssembler : warning : ShowMissingComponent: [F:GameFifteen.Board.MATRIX_SIZE_ROWS] Missing &lt;summary&gt; documentation [D:\TELERIK\…ЄЁЇ&#173;&#160; а&#160;Ў&#174;в&#160;\QPC\trunk\SandcastleDocumentation\Documentation Output Path\Working\BuildReferenceTopics.proj]
BuildAssembler : warning : ShowMissingComponent: [M:GameFifteen.Board.MoveCell(System.Int32)] Missing &lt;summary&gt; documentation [D:\TELERIK\…ЄЁЇ&#173;&#160; а&#160;Ў&#174;в&#160;\QPC\trunk\SandcastleDocumentation\Documentation Output Path\Working\BuildReferenceTopics.proj]
BuildAssembler : warning : ShowMissingComponent: [M:GameFifteen.Board.MoveCell(System.Int32)] Missing &lt;param name=&quot;direction&quot;/&gt; documentation [D:\TELERIK\…ЄЁЇ&#173;&#160; а&#160;Ў&#174;в&#160;\QPC\trunk\SandcastleDocumentation\Documentation Output Path\Working\BuildReferenceTopics.proj]
BuildAssembler : warning : ShowMissingComponent: [E:GameFifteen.Board.MovePerformed] Missing &lt;summary&gt; documentation [D:\TELERIK\…ЄЁЇ&#173;&#160; а&#160;Ў&#174;в&#160;\QPC\trunk\SandcastleDocumentation\Documentation Output Path\Working\BuildReferenceTopics.proj]
BuildAssembler : warning : ShowMissingComponent: [F:GameFifteen.Board.random] Missing &lt;summary&gt; documentation [D:\TELERIK\…ЄЁЇ&#173;&#160; а&#160;Ў&#174;в&#160;\QPC\trunk\SandcastleDocumentation\Documentation Output Path\Working\BuildReferenceTopics.proj]
BuildAssembler : warning : ShowMissingComponent: [M:GameFifteen.Board.ResetBoard(GameFifteen.State)] Missing &lt;summary&gt; documentation [D:\TELERIK\…ЄЁЇ&#173;&#160; а&#160;Ў&#174;в&#160;\QPC\trunk\SandcastleDocumentation\Documentation Output Path\Working\BuildReferenceTopics.proj]
BuildAssembler : warning : ShowMissingComponent: [M:GameFifteen.Board.ResetBoard(GameFifteen.State)] Missing &lt;param name=&quot;state&quot;/&gt; documentation [D:\TELERIK\…ЄЁЇ&#173;&#160; а&#160;Ў&#174;в&#160;\QPC\trunk\SandcastleDocumentation\Documentation Output Path\Working\BuildReferenceTopics.proj]
BuildAssembler : warning : ShowMissingComponent: [M:GameFifteen.Board.ShuffleMatrix] Missing &lt;summary&gt; documentation [D:\TELERIK\…ЄЁЇ&#173;&#160; а&#160;Ў&#174;в&#160;\QPC\trunk\SandcastleDocumentation\Documentation Output Path\Working\BuildReferenceTopics.proj]
BuildAssembler : warning : ShowMissingComponent: [M:GameFifteen.ConsoleWriter.PrintMatrix(GameFifteen.Board)] Missing &lt;summary&gt; documentation [D:\TELERIK\…ЄЁЇ&#173;&#160; а&#160;Ў&#174;в&#160;\QPC\trunk\SandcastleDocumentation\Documentation Output Path\Working\BuildReferenceTopics.proj]
BuildAssembler : warning : ShowMissingComponent: [M:GameFifteen.ConsoleWriter.PrintMatrix(GameFifteen.Board)] Missing &lt;param name=&quot;board&quot;/&gt; documentation [D:\TELERIK\…ЄЁЇ&#173;&#160; а&#160;Ў&#174;в&#160;\QPC\trunk\SandcastleDocumentation\Documentation Output Path\Working\BuildReferenceTopics.proj]
BuildAssembler : warning : ShowMissingComponent: [M:GameFifteen.ConsoleWriter.PrintMessage(System.String)] Missing &lt;summary&gt; documentation [D:\TELERIK\…ЄЁЇ&#173;&#160; а&#160;Ў&#174;в&#160;\QPC\trunk\SandcastleDocumentation\Documentation Output Path\Working\BuildReferenceTopics.proj]
BuildAssembler : warning : ShowMissingComponent: [M:GameFifteen.ConsoleWriter.PrintMessage(System.String)] Missing &lt;param name=&quot;message&quot;/&gt; documentation [D:\TELERIK\…ЄЁЇ&#173;&#160; а&#160;Ў&#174;в&#160;\QPC\trunk\SandcastleDocumentation\Documentation Output Path\Working\BuildReferenceTopics.proj]
BuildAssembler : warning : ShowMissingComponent: [M:GameFifteen.ConsoleWriter.PrintTopScores] Missing &lt;summary&gt; documentation [D:\TELERIK\…ЄЁЇ&#173;&#160; а&#160;Ў&#174;в&#160;\QPC\trunk\SandcastleDocumentation\Documentation Output Path\Working\BuildReferenceTopics.proj]
BuildAssembler : warning : ShowMissingComponent: [M:GameFifteen.ConsoleWriter.PrintWelcomeMessage] Missing &lt;summary&gt; documentation [D:\TELERIK\…ЄЁЇ&#173;&#160; а&#160;Ў&#174;в&#160;\QPC\trunk\SandcastleDocumentation\Documentation Output Path\Working\BuildReferenceTopics.proj]
BuildAssembler : warning : ShowMissingComponent: [P:GameFifteen.Game.Board] Missing &lt;summary&gt; documentation [D:\TELERIK\…ЄЁЇ&#173;&#160; а&#160;Ў&#174;в&#160;\QPC\trunk\SandcastleDocumentation\Documentation Output Path\Working\BuildReferenceTopics.proj]
BuildAssembler : warning : ShowMissingComponent: [F:GameFifteen.Game.GameInstance] Missing &lt;summary&gt; documentation [D:\TELERIK\…ЄЁЇ&#173;&#160; а&#160;Ў&#174;в&#160;\QPC\trunk\SandcastleDocumentation\Documentation Output Path\Working\BuildReferenceTopics.proj]
BuildAssembler : warning : ShowMissingComponent: [P:GameFifteen.Game.Instance] Missing &lt;summary&gt; documentation [D:\TELERIK\…ЄЁЇ&#173;&#160; а&#160;Ў&#174;в&#160;\QPC\trunk\SandcastleDocumentation\Documentation Output Path\Working\BuildReferenceTopics.proj]
BuildAssembler : warning : ShowMissingComponent: [P:GameFifteen.Game.IsFinished] Missing &lt;summary&gt; documentation [D:\TELERIK\…ЄЁЇ&#173;&#160; а&#160;Ў&#174;в&#160;\QPC\trunk\SandcastleDocumentation\Documentation Output Path\Working\BuildReferenceTopics.proj]
BuildAssembler : warning : ShowMissingComponent: [M:GameFifteen.Game.Restart] Missing &lt;summary&gt; documentation [D:\TELERIK\…ЄЁЇ&#173;&#160; а&#160;Ў&#174;в&#160;\QPC\trunk\SandcastleDocumentation\Documentation Output Path\Working\BuildReferenceTopics.proj]
BuildAssembler : warning : ShowMissingComponent: [P:GameFifteen.Game.SavedStates] Missing &lt;summary&gt; documentation [D:\TELERIK\…ЄЁЇ&#173;&#160; а&#160;Ў&#174;в&#160;\QPC\trunk\SandcastleDocumentation\Documentation Output Path\Working\BuildReferenceTopics.proj]
BuildAssembler : warning : ShowMissingComponent: [P:GameFifteen.Game.Turn] Missing &lt;summary&gt; documentation [D:\TELERIK\…ЄЁЇ&#173;&#160; а&#160;Ў&#174;в&#160;\QPC\trunk\SandcastleDocumentation\Documentation Output Path\Working\BuildReferenceTopics.proj]
BuildAssembler : warning : ShowMissingComponent: [M:GameFifteen.Game.UpdateTurns(System.Object,GameFifteen.MovePerformedEventArgs)] Missing &lt;summary&gt; documentation [D:\TELERIK\…ЄЁЇ&#173;&#160; а&#160;Ў&#174;в&#160;\QPC\trunk\SandcastleDocumentation\Documentation Output Path\Working\BuildReferenceTopics.proj]
BuildAssembler : warning : ShowMissingComponent: [M:GameFifteen.Game.UpdateTurns(System.Object,GameFifteen.MovePerformedEventArgs)] Missing &lt;param name=&quot;sender&quot;/&gt; documentation [D:\TELERIK\…ЄЁЇ&#173;&#160; а&#160;Ў&#174;в&#160;\QPC\trunk\SandcastleDocumentation\Documentation Output Path\Working\BuildReferenceTopics.proj]
BuildAssembler : warning : ShowMissingComponent: [M:GameFifteen.Game.UpdateTurns(System.Object,GameFifteen.MovePerformedEventArgs)] Missing &lt;param name=&quot;e&quot;/&gt; documentation [D:\TELERIK\…ЄЁЇ&#173;&#160; а&#160;Ў&#174;в&#160;\QPC\trunk\SandcastleDocumentation\Documentation Output Path\Working\BuildReferenceTopics.proj]
BuildAssembler : warning : ShowMissingComponent: [T:GameFifteen.MovePerformedEventArgs] Missing &lt;summary&gt; documentation [D:\TELERIK\…ЄЁЇ&#173;&#160; а&#160;Ў&#174;в&#160;\QPC\trunk\SandcastleDocumentation\Documentation Output Path\Working\BuildReferenceTopics.proj]
BuildAssembler : warning : ShowMissingComponent: [P:GameFifteen.PersonalScore.UserName] Missing &lt;summary&gt; documentation [D:\TELERIK\…ЄЁЇ&#173;&#160; а&#160;Ў&#174;в&#160;\QPC\trunk\SandcastleDocumentation\Documentation Output Path\Working\BuildReferenceTopics.proj]
BuildAssembler : warning : ShowMissingComponent: [P:GameFifteen.PersonalScore.UserScore] Missing &lt;summary&gt; documentation [D:\TELERIK\…ЄЁЇ&#173;&#160; а&#160;Ў&#174;в&#160;\QPC\trunk\SandcastleDocumentation\Documentation Output Path\Working\BuildReferenceTopics.proj]
BuildAssembler : warning : ShowMissingComponent: [M:GameFifteen.State.#ctor(System.Int32,GameFifteen.Board)] Missing &lt;param name=&quot;turn&quot;/&gt; documentation [D:\TELERIK\…ЄЁЇ&#173;&#160; а&#160;Ў&#174;в&#160;\QPC\trunk\SandcastleDocumentation\Documentation Output Path\Working\BuildReferenceTopics.proj]
BuildAssembler : warning : ShowMissingComponent: [M:GameFifteen.State.#ctor(System.Int32,GameFifteen.Board)] Missing &lt;param name=&quot;board&quot;/&gt; documentation [D:\TELERIK\…ЄЁЇ&#173;&#160; а&#160;Ў&#174;в&#160;\QPC\trunk\SandcastleDocumentation\Documentation Output Path\Working\BuildReferenceTopics.proj]
BuildAssembler : warning : ShowMissingComponent: [P:GameFifteen.State.EmptyCellColumn] Missing &lt;summary&gt; documentation [D:\TELERIK\…ЄЁЇ&#173;&#160; а&#160;Ў&#174;в&#160;\QPC\trunk\SandcastleDocumentation\Documentation Output Path\Working\BuildReferenceTopics.proj]
BuildAssembler : warning : ShowMissingComponent: [P:GameFifteen.State.EmptyCellRow] Missing &lt;summary&gt; documentation [D:\TELERIK\…ЄЁЇ&#173;&#160; а&#160;Ў&#174;в&#160;\QPC\trunk\SandcastleDocumentation\Documentation Output Path\Working\BuildReferenceTopics.proj]
BuildAssembler : warning : ShowMissingComponent: [P:GameFifteen.State.Matrix] Missing &lt;summary&gt; documentation [D:\TELERIK\…ЄЁЇ&#173;&#160; а&#160;Ў&#174;в&#160;\QPC\trunk\SandcastleDocumentation\Documentation Output Path\Working\BuildReferenceTopics.proj]
BuildAssembler : warning : ShowMissingComponent: [P:GameFifteen.State.Turn] Missing &lt;summary&gt; documentation [D:\TELERIK\…ЄЁЇ&#173;&#160; а&#160;Ў&#174;в&#160;\QPC\trunk\SandcastleDocumentation\Documentation Output Path\Working\BuildReferenceTopics.proj]
BuildAssembler : warning : ShowMissingComponent: [M:GameFifteen.TopScores.GetTopScoresFromFile] Missing &lt;summary&gt; documentation [D:\TELERIK\…ЄЁЇ&#173;&#160; а&#160;Ў&#174;в&#160;\QPC\trunk\SandcastleDocumentation\Documentation Output Path\Working\BuildReferenceTopics.proj]
BuildAssembler : warning : ShowMissingComponent: [M:GameFifteen.TopScores.GetTopScoresFromFile] Missing &lt;returns&gt; documentation [D:\TELERIK\…ЄЁЇ&#173;&#160; а&#160;Ў&#174;в&#160;\QPC\trunk\SandcastleDocumentation\Documentation Output Path\Working\BuildReferenceTopics.proj]
BuildAssembler : warning : ShowMissingComponent: [F:GameFifteen.TopScores.TOP_SCORES_AMOUNT] Missing &lt;summary&gt; documentation [D:\TELERIK\…ЄЁЇ&#173;&#160; а&#160;Ў&#174;в&#160;\QPC\trunk\SandcastleDocumentation\Documentation Output Path\Working\BuildReferenceTopics.proj]
BuildAssembler : warning : ShowMissingComponent: [F:GameFifteen.TopScores.TOP_SCORES_FILENAME] Missing &lt;summary&gt; documentation [D:\TELERIK\…ЄЁЇ&#173;&#160; а&#160;Ў&#174;в&#160;\QPC\trunk\SandcastleDocumentation\Documentation Output Path\Working\BuildReferenceTopics.proj]
BuildAssembler : warning : ShowMissingComponent: [F:GameFifteen.TopScores.TOP_SCORES_PERSON_PATTERN] Missing &lt;summary&gt; documentation [D:\TELERIK\…ЄЁЇ&#173;&#160; а&#160;Ў&#174;в&#160;\QPC\trunk\SandcastleDocumentation\Documentation Output Path\Working\BuildReferenceTopics.proj]
BuildAssembler : warning : ShowMissingComponent: [M:GameFifteen.TopScores.UpgradeTopScore(GameFifteen.Game)] Missing &lt;summary&gt; documentation [D:\TELERIK\…ЄЁЇ&#173;&#160; а&#160;Ў&#174;в&#160;\QPC\trunk\SandcastleDocumentation\Documentation Output Path\Working\BuildReferenceTopics.proj]
BuildAssembler : warning : ShowMissingComponent: [M:GameFifteen.TopScores.UpgradeTopScore(GameFifteen.Game)] Missing &lt;param name=&quot;game&quot;/&gt; documentation [D:\TELERIK\…ЄЁЇ&#173;&#160; а&#160;Ў&#174;в&#160;\QPC\trunk\SandcastleDocumentation\Documentation Output Path\Working\BuildReferenceTopics.proj]
BuildAssembler : warning : ShowMissingComponent: [M:GameFifteen.TopScores.UpgradeTopScoreInFile(System.Linq.IOrderedEnumerable{GameFifteen.PersonalScore})] Missing &lt;summary&gt; documentation [D:\TELERIK\…ЄЁЇ&#173;&#160; а&#160;Ў&#174;в&#160;\QPC\trunk\SandcastleDocumentation\Documentation Output Path\Working\BuildReferenceTopics.proj]
BuildAssembler : warning : ShowMissingComponent: [M:GameFifteen.TopScores.UpgradeTopScoreInFile(System.Linq.IOrderedEnumerable{GameFifteen.PersonalScore})] Missing &lt;param name=&quot;sortedScores&quot;/&gt; documentation [D:\TELERIK\…ЄЁЇ&#173;&#160; а&#160;Ў&#174;в&#160;\QPC\trunk\SandcastleDocumentation\Documentation Output Path\Working\BuildReferenceTopics.proj]
BuildAssembler : warning : ShowMissingComponent: [M:GameFifteen.TopScores.UpgradeTopScorePairs(System.String[])] Missing &lt;summary&gt; documentation [D:\TELERIK\…ЄЁЇ&#173;&#160; а&#160;Ў&#174;в&#160;\QPC\trunk\SandcastleDocumentation\Documentation Output Path\Working\BuildReferenceTopics.proj]
BuildAssembler : warning : ShowMissingComponent: [M:GameFifteen.TopScores.UpgradeTopScorePairs(System.String[])] Missing &lt;returns&gt; documentation [D:\TELERIK\…ЄЁЇ&#173;&#160; а&#160;Ў&#174;в&#160;\QPC\trunk\SandcastleDocumentation\Documentation Output Path\Working\BuildReferenceTopics.proj]
BuildAssembler : warning : ShowMissingComponent: [M:GameFifteen.TopScores.UpgradeTopScorePairs(System.String[])] Missing &lt;param name=&quot;topScores&quot;/&gt; documentation [D:\TELERIK\…ЄЁЇ&#173;&#160; а&#160;Ў&#174;в&#160;\QPC\trunk\SandcastleDocumentation\Documentation Output Path\Working\BuildReferenceTopics.proj]
BuildAssembler : warning : ShowMissingComponent: [N:GameFifteen.ManageInput] Missing &lt;summary&gt; documentation [D:\TELERIK\…ЄЁЇ&#173;&#160; а&#160;Ў&#174;в&#160;\QPC\trunk\SandcastleDocumentation\Documentation Output Path\Working\BuildReferenceTopics.proj]
BuildAssembler : warning : ShowMissingComponent: [M:GameFifteen.ManageInput.Exit.#ctor(GameFifteen.Game)] Missing &lt;param name=&quot;game&quot;/&gt; documentation [D:\TELERIK\…ЄЁЇ&#173;&#160; а&#160;Ў&#174;в&#160;\QPC\trunk\SandcastleDocumentation\Documentation Output Path\Working\BuildReferenceTopics.proj]
BuildAssembler : warning : ShowMissingComponent: [M:GameFifteen.ManageInput.Exit.Execute(System.Object[])] Missing &lt;summary&gt; documentation [D:\TELERIK\…ЄЁЇ&#173;&#160; а&#160;Ў&#174;в&#160;\QPC\trunk\SandcastleDocumentation\Documentation Output Path\Working\BuildReferenceTopics.proj]
BuildAssembler : warning : ShowMissingComponent: [M:GameFifteen.ManageInput.Exit.Execute(System.Object[])] Missing &lt;param name=&quot;list&quot;/&gt; documentation [D:\TELERIK\…ЄЁЇ&#173;&#160; а&#160;Ў&#174;в&#160;\QPC\trunk\SandcastleDocumentation\Documentation Output Path\Working\BuildReferenceTopics.proj]
BuildAssembler : warning : ShowMissingComponent: [F:GameFifteen.ManageInput.Exit.game] Missing &lt;summary&gt; documentation [D:\TELERIK\…ЄЁЇ&#173;&#160; а&#160;Ў&#174;в&#160;\QPC\trunk\SandcastleDocumentation\Documentation Output Path\Working\BuildReferenceTopics.proj]
BuildAssembler : warning : ShowMissingComponent: [T:GameFifteen.ManageInput.ICommand] Missing &lt;summary&gt; documentation [D:\TELERIK\…ЄЁЇ&#173;&#160; а&#160;Ў&#174;в&#160;\QPC\trunk\SandcastleDocumentation\Documentation Output Path\Working\BuildReferenceTopics.proj]
BuildAssembler : warning : ShowMissingComponent: [M:GameFifteen.ManageInput.ICommand.Execute(System.Object[])] Missing &lt;summary&gt; documentation [D:\TELERIK\…ЄЁЇ&#173;&#160; а&#160;Ў&#174;в&#160;\QPC\trunk\SandcastleDocumentation\Documentation Output Path\Working\BuildReferenceTopics.proj]
BuildAssembler : warning : ShowMissingComponent: [M:GameFifteen.ManageInput.ICommand.Execute(System.Object[])] Missing &lt;param name=&quot;list&quot;/&gt; documentation [D:\TELERIK\…ЄЁЇ&#173;&#160; а&#160;Ў&#174;в&#160;\QPC\trunk\SandcastleDocumentation\Documentation Output Path\Working\BuildReferenceTopics.proj]
BuildAssembler : warning : ShowMissingComponent: [M:GameFifteen.ManageInput.Move.Execute(System.Object[])] Missing &lt;summary&gt; documentation [D:\TELERIK\…ЄЁЇ&#173;&#160; а&#160;Ў&#174;в&#160;\QPC\trunk\SandcastleDocumentation\Documentation Output Path\Working\BuildReferenceTopics.proj]
BuildAssembler : warning : ShowMissingComponent: [M:GameFifteen.ManageInput.Move.Execute(System.Object[])] Missing &lt;param name=&quot;list&quot;/&gt; documentation [D:\TELERIK\…ЄЁЇ&#173;&#160; а&#160;Ў&#174;в&#160;\QPC\trunk\SandcastleDocumentation\Documentation Output Path\Working\BuildReferenceTopics.proj]
BuildAssembler : warning : ShowMissingComponent: [M:GameFifteen.ManageInput.Restart.Execute(System.Object[])] Missing &lt;summary&gt; documentation [D:\TELERIK\…ЄЁЇ&#173;&#160; а&#160;Ў&#174;в&#160;\QPC\trunk\SandcastleDocumentation\Documentation Output Path\Working\BuildReferenceTopics.proj]
BuildAssembler : warning : ShowMissingComponent: [M:GameFifteen.ManageInput.Restart.Execute(System.Object[])] Missing &lt;param name=&quot;list&quot;/&gt; documentation [D:\TELERIK\…ЄЁЇ&#173;&#160; а&#160;Ў&#174;в&#160;\QPC\trunk\SandcastleDocumentation\Documentation Output Path\Working\BuildReferenceTopics.proj]
BuildAssembler : warning : ShowMissingComponent: [M:GameFifteen.ManageInput.Restore.Execute(System.Object[])] Missing &lt;summary&gt; documentation [D:\TELERIK\…ЄЁЇ&#173;&#160; а&#160;Ў&#174;в&#160;\QPC\trunk\SandcastleDocumentation\Documentation Output Path\Working\BuildReferenceTopics.proj]
BuildAssembler : warning : ShowMissingComponent: [M:GameFifteen.ManageInput.Restore.Execute(System.Object[])] Missing &lt;param name=&quot;list&quot;/&gt; documentation [D:\TELERIK\…ЄЁЇ&#173;&#160; а&#160;Ў&#174;в&#160;\QPC\trunk\SandcastleDocumentation\Documentation Output Path\Working\BuildReferenceTopics.proj]
BuildAssembler : warning : ShowMissingComponent: [M:GameFifteen.ManageInput.Save.Execute(System.Object[])] Missing &lt;summary&gt; documentation [D:\TELERIK\…ЄЁЇ&#173;&#160; а&#160;Ў&#174;в&#160;\QPC\trunk\SandcastleDocumentation\Documentation Output Path\Working\BuildReferenceTopics.proj]
BuildAssembler : warning : ShowMissingComponent: [M:GameFifteen.ManageInput.Save.Execute(System.Object[])] Missing &lt;param name=&quot;list&quot;/&gt; documentation [D:\TELERIK\…ЄЁЇ&#173;&#160; а&#160;Ў&#174;в&#160;\QPC\trunk\SandcastleDocumentation\Documentation Output Path\Working\BuildReferenceTopics.proj]
BuildAssembler : warning : ShowMissingComponent: [M:GameFifteen.ManageInput.Top.Execute(System.Object[])] Missing &lt;summary&gt; documentation [D:\TELERIK\…ЄЁЇ&#173;&#160; а&#160;Ў&#174;в&#160;\QPC\trunk\SandcastleDocumentation\Documentation Output Path\Working\BuildReferenceTopics.proj]
BuildAssembler : warning : ShowMissingComponent: [M:GameFifteen.ManageInput.Top.Execute(System.Object[])] Missing &lt;param name=&quot;list&quot;/&gt; documentation [D:\TELERIK\…ЄЁЇ&#173;&#160; а&#160;Ў&#174;в&#160;\QPC\trunk\SandcastleDocumentation\Documentation Output Path\Working\BuildReferenceTopics.proj]
  Processed 129 topic(s)
  75 warning(s)
  CopyFromIndexComponent: &quot;reflection&quot; in-memory cache entries used: 5 of 15.
  CopyFromIndexComponent: &quot;comments&quot; in-memory cache entries used: 1 of 30.
Done Building Project &quot;D:\TELERIK\…ЄЁЇ&#173;&#160; а&#160;Ў&#174;в&#160;\QPC\trunk\SandcastleDocumentation\Documentation Output Path\Working\BuildReferenceTopics.proj&quot; (default targets).

Build succeeded.

Time Elapsed 00:00:09.63
    Last step completed in 00:00:09.7526
</buildStep>
<buildStep step="CombiningIntermediateTocFiles">
Combining conceptual and API intermediate TOC files...

Clearing any prior web output
    Last step completed in 00:00:00.1270
</buildStep>
<buildStep step="ExtractingHtmlInfo">
Extracting HTML info for HTML Help 1 and/or website...
[C:\Windows\Microsoft.NET\Framework64\v4.0.30319\MSBuild.exe]
Sandcastle Help File Builder, version 2014.5.31.0
Copyright c 2006-2014, Eric Woodruff, All Rights Reserved
E-Mail: Eric@EWoodruff.us

Using LCID &#39;1033&#39;, code page &#39;65001&#39;, encoding charset &#39;UTF-8&#39;.

Processing website files in D:\TELERIK\…ЄЁЇ&#173;&#160; а&#160;Ў&#174;в&#160;\QPC\trunk\SandcastleDocumentation\Documentation Output Path\Working\Output\Website
Processed 129 HTML files
Sorting keywords and generating See Also indices
Saving website keyword index to D:\TELERIK\…ЄЁЇ&#173;&#160; а&#160;Ў&#174;в&#160;\QPC\trunk\SandcastleDocumentation\Documentation Output Path\Working\WebKI.xml
Saving website table of contents to D:\TELERIK\…ЄЁЇ&#173;&#160; а&#160;Ў&#174;в&#160;\QPC\trunk\SandcastleDocumentation\Documentation Output Path\Working\WebTOC.xml
    Last step completed in 00:00:00.3150
</buildStep>
<buildStep step="CopyStandardHelpContent">
Copying standard help content...
D:\Program Files (x86)\EWSoftware\Sandcastle Help File Builder\PresentationStyles\VS2013\icons\AlertCaution.png -&gt; D:\TELERIK\Екипна работа\QPC\trunk\SandcastleDocumentation\Documentation Output Path\Working\Output\Website\icons\AlertCaution.png
D:\Program Files (x86)\EWSoftware\Sandcastle Help File Builder\PresentationStyles\VS2013\icons\AlertNote.png -&gt; D:\TELERIK\Екипна работа\QPC\trunk\SandcastleDocumentation\Documentation Output Path\Working\Output\Website\icons\AlertNote.png
D:\Program Files (x86)\EWSoftware\Sandcastle Help File Builder\PresentationStyles\VS2013\icons\AlertSecurity.png -&gt; D:\TELERIK\Екипна работа\QPC\trunk\SandcastleDocumentation\Documentation Output Path\Working\Output\Website\icons\AlertSecurity.png
D:\Program Files (x86)\EWSoftware\Sandcastle Help File Builder\PresentationStyles\VS2013\icons\CFW.gif -&gt; D:\TELERIK\Екипна работа\QPC\trunk\SandcastleDocumentation\Documentation Output Path\Working\Output\Website\icons\CFW.gif
D:\Program Files (x86)\EWSoftware\Sandcastle Help File Builder\PresentationStyles\VS2013\icons\CodeExample.png -&gt; D:\TELERIK\Екипна работа\QPC\trunk\SandcastleDocumentation\Documentation Output Path\Working\Output\Website\icons\CodeExample.png
D:\Program Files (x86)\EWSoftware\Sandcastle Help File Builder\PresentationStyles\VS2013\icons\favicon.ico -&gt; D:\TELERIK\Екипна работа\QPC\trunk\SandcastleDocumentation\Documentation Output Path\Working\Output\Website\icons\favicon.ico
D:\Program Files (x86)\EWSoftware\Sandcastle Help File Builder\PresentationStyles\VS2013\icons\privclass.gif -&gt; D:\TELERIK\Екипна работа\QPC\trunk\SandcastleDocumentation\Documentation Output Path\Working\Output\Website\icons\privclass.gif
D:\Program Files (x86)\EWSoftware\Sandcastle Help File Builder\PresentationStyles\VS2013\icons\privdelegate.gif -&gt; D:\TELERIK\Екипна работа\QPC\trunk\SandcastleDocumentation\Documentation Output Path\Working\Output\Website\icons\privdelegate.gif
D:\Program Files (x86)\EWSoftware\Sandcastle Help File Builder\PresentationStyles\VS2013\icons\privenumeration.gif -&gt; D:\TELERIK\Екипна работа\QPC\trunk\SandcastleDocumentation\Documentation Output Path\Working\Output\Website\icons\privenumeration.gif
D:\Program Files (x86)\EWSoftware\Sandcastle Help File Builder\PresentationStyles\VS2013\icons\privevent.gif -&gt; D:\TELERIK\Екипна работа\QPC\trunk\SandcastleDocumentation\Documentation Output Path\Working\Output\Website\icons\privevent.gif
D:\Program Files (x86)\EWSoftware\Sandcastle Help File Builder\PresentationStyles\VS2013\icons\privextension.gif -&gt; D:\TELERIK\Екипна работа\QPC\trunk\SandcastleDocumentation\Documentation Output Path\Working\Output\Website\icons\privextension.gif
D:\Program Files (x86)\EWSoftware\Sandcastle Help File Builder\PresentationStyles\VS2013\icons\privfield.gif -&gt; D:\TELERIK\Екипна работа\QPC\trunk\SandcastleDocumentation\Documentation Output Path\Working\Output\Website\icons\privfield.gif
D:\Program Files (x86)\EWSoftware\Sandcastle Help File Builder\PresentationStyles\VS2013\icons\privinterface.gif -&gt; D:\TELERIK\Екипна работа\QPC\trunk\SandcastleDocumentation\Documentation Output Path\Working\Output\Website\icons\privinterface.gif
D:\Program Files (x86)\EWSoftware\Sandcastle Help File Builder\PresentationStyles\VS2013\icons\privmethod.gif -&gt; D:\TELERIK\Екипна работа\QPC\trunk\SandcastleDocumentation\Documentation Output Path\Working\Output\Website\icons\privmethod.gif
D:\Program Files (x86)\EWSoftware\Sandcastle Help File Builder\PresentationStyles\VS2013\icons\privproperty.gif -&gt; D:\TELERIK\Екипна работа\QPC\trunk\SandcastleDocumentation\Documentation Output Path\Working\Output\Website\icons\privproperty.gif
D:\Program Files (x86)\EWSoftware\Sandcastle Help File Builder\PresentationStyles\VS2013\icons\privstructure.gif -&gt; D:\TELERIK\Екипна работа\QPC\trunk\SandcastleDocumentation\Documentation Output Path\Working\Output\Website\icons\privstructure.gif
D:\Program Files (x86)\EWSoftware\Sandcastle Help File Builder\PresentationStyles\VS2013\icons\protclass.gif -&gt; D:\TELERIK\Екипна работа\QPC\trunk\SandcastleDocumentation\Documentation Output Path\Working\Output\Website\icons\protclass.gif
D:\Program Files (x86)\EWSoftware\Sandcastle Help File Builder\PresentationStyles\VS2013\icons\protdelegate.gif -&gt; D:\TELERIK\Екипна работа\QPC\trunk\SandcastleDocumentation\Documentation Output Path\Working\Output\Website\icons\protdelegate.gif
D:\Program Files (x86)\EWSoftware\Sandcastle Help File Builder\PresentationStyles\VS2013\icons\protenumeration.gif -&gt; D:\TELERIK\Екипна работа\QPC\trunk\SandcastleDocumentation\Documentation Output Path\Working\Output\Website\icons\protenumeration.gif
D:\Program Files (x86)\EWSoftware\Sandcastle Help File Builder\PresentationStyles\VS2013\icons\protevent.gif -&gt; D:\TELERIK\Екипна работа\QPC\trunk\SandcastleDocumentation\Documentation Output Path\Working\Output\Website\icons\protevent.gif
D:\Program Files (x86)\EWSoftware\Sandcastle Help File Builder\PresentationStyles\VS2013\icons\protextension.gif -&gt; D:\TELERIK\Екипна работа\QPC\trunk\SandcastleDocumentation\Documentation Output Path\Working\Output\Website\icons\protextension.gif
D:\Program Files (x86)\EWSoftware\Sandcastle Help File Builder\PresentationStyles\VS2013\icons\protfield.gif -&gt; D:\TELERIK\Екипна работа\QPC\trunk\SandcastleDocumentation\Documentation Output Path\Working\Output\Website\icons\protfield.gif
D:\Program Files (x86)\EWSoftware\Sandcastle Help File Builder\PresentationStyles\VS2013\icons\protinterface.gif -&gt; D:\TELERIK\Екипна работа\QPC\trunk\SandcastleDocumentation\Documentation Output Path\Working\Output\Website\icons\protinterface.gif
D:\Program Files (x86)\EWSoftware\Sandcastle Help File Builder\PresentationStyles\VS2013\icons\protmethod.gif -&gt; D:\TELERIK\Екипна работа\QPC\trunk\SandcastleDocumentation\Documentation Output Path\Working\Output\Website\icons\protmethod.gif
D:\Program Files (x86)\EWSoftware\Sandcastle Help File Builder\PresentationStyles\VS2013\icons\protoperator.gif -&gt; D:\TELERIK\Екипна работа\QPC\trunk\SandcastleDocumentation\Documentation Output Path\Working\Output\Website\icons\protoperator.gif
D:\Program Files (x86)\EWSoftware\Sandcastle Help File Builder\PresentationStyles\VS2013\icons\protproperty.gif -&gt; D:\TELERIK\Екипна работа\QPC\trunk\SandcastleDocumentation\Documentation Output Path\Working\Output\Website\icons\protproperty.gif
D:\Program Files (x86)\EWSoftware\Sandcastle Help File Builder\PresentationStyles\VS2013\icons\protstructure.gif -&gt; D:\TELERIK\Екипна работа\QPC\trunk\SandcastleDocumentation\Documentation Output Path\Working\Output\Website\icons\protstructure.gif
D:\Program Files (x86)\EWSoftware\Sandcastle Help File Builder\PresentationStyles\VS2013\icons\pubclass.gif -&gt; D:\TELERIK\Екипна работа\QPC\trunk\SandcastleDocumentation\Documentation Output Path\Working\Output\Website\icons\pubclass.gif
D:\Program Files (x86)\EWSoftware\Sandcastle Help File Builder\PresentationStyles\VS2013\icons\pubdelegate.gif -&gt; D:\TELERIK\Екипна работа\QPC\trunk\SandcastleDocumentation\Documentation Output Path\Working\Output\Website\icons\pubdelegate.gif
D:\Program Files (x86)\EWSoftware\Sandcastle Help File Builder\PresentationStyles\VS2013\icons\pubenumeration.gif -&gt; D:\TELERIK\Екипна работа\QPC\trunk\SandcastleDocumentation\Documentation Output Path\Working\Output\Website\icons\pubenumeration.gif
D:\Program Files (x86)\EWSoftware\Sandcastle Help File Builder\PresentationStyles\VS2013\icons\pubevent.gif -&gt; D:\TELERIK\Екипна работа\QPC\trunk\SandcastleDocumentation\Documentation Output Path\Working\Output\Website\icons\pubevent.gif
D:\Program Files (x86)\EWSoftware\Sandcastle Help File Builder\PresentationStyles\VS2013\icons\pubextension.gif -&gt; D:\TELERIK\Екипна работа\QPC\trunk\SandcastleDocumentation\Documentation Output Path\Working\Output\Website\icons\pubextension.gif
D:\Program Files (x86)\EWSoftware\Sandcastle Help File Builder\PresentationStyles\VS2013\icons\pubfield.gif -&gt; D:\TELERIK\Екипна работа\QPC\trunk\SandcastleDocumentation\Documentation Output Path\Working\Output\Website\icons\pubfield.gif
D:\Program Files (x86)\EWSoftware\Sandcastle Help File Builder\PresentationStyles\VS2013\icons\pubinterface.gif -&gt; D:\TELERIK\Екипна работа\QPC\trunk\SandcastleDocumentation\Documentation Output Path\Working\Output\Website\icons\pubinterface.gif
D:\Program Files (x86)\EWSoftware\Sandcastle Help File Builder\PresentationStyles\VS2013\icons\pubmethod.gif -&gt; D:\TELERIK\Екипна работа\QPC\trunk\SandcastleDocumentation\Documentation Output Path\Working\Output\Website\icons\pubmethod.gif
D:\Program Files (x86)\EWSoftware\Sandcastle Help File Builder\PresentationStyles\VS2013\icons\puboperator.gif -&gt; D:\TELERIK\Екипна работа\QPC\trunk\SandcastleDocumentation\Documentation Output Path\Working\Output\Website\icons\puboperator.gif
D:\Program Files (x86)\EWSoftware\Sandcastle Help File Builder\PresentationStyles\VS2013\icons\pubproperty.gif -&gt; D:\TELERIK\Екипна работа\QPC\trunk\SandcastleDocumentation\Documentation Output Path\Working\Output\Website\icons\pubproperty.gif
D:\Program Files (x86)\EWSoftware\Sandcastle Help File Builder\PresentationStyles\VS2013\icons\pubstructure.gif -&gt; D:\TELERIK\Екипна работа\QPC\trunk\SandcastleDocumentation\Documentation Output Path\Working\Output\Website\icons\pubstructure.gif
D:\Program Files (x86)\EWSoftware\Sandcastle Help File Builder\PresentationStyles\VS2013\icons\SectionCollapsed.png -&gt; D:\TELERIK\Екипна работа\QPC\trunk\SandcastleDocumentation\Documentation Output Path\Working\Output\Website\icons\SectionCollapsed.png
D:\Program Files (x86)\EWSoftware\Sandcastle Help File Builder\PresentationStyles\VS2013\icons\SectionExpanded.png -&gt; D:\TELERIK\Екипна работа\QPC\trunk\SandcastleDocumentation\Documentation Output Path\Working\Output\Website\icons\SectionExpanded.png
D:\Program Files (x86)\EWSoftware\Sandcastle Help File Builder\PresentationStyles\VS2013\icons\slMobile.gif -&gt; D:\TELERIK\Екипна работа\QPC\trunk\SandcastleDocumentation\Documentation Output Path\Working\Output\Website\icons\slMobile.gif
D:\Program Files (x86)\EWSoftware\Sandcastle Help File Builder\PresentationStyles\VS2013\icons\static.gif -&gt; D:\TELERIK\Екипна работа\QPC\trunk\SandcastleDocumentation\Documentation Output Path\Working\Output\Website\icons\static.gif
D:\Program Files (x86)\EWSoftware\Sandcastle Help File Builder\PresentationStyles\VS2013\icons\xna.gif -&gt; D:\TELERIK\Екипна работа\QPC\trunk\SandcastleDocumentation\Documentation Output Path\Working\Output\Website\icons\xna.gif
D:\Program Files (x86)\EWSoftware\Sandcastle Help File Builder\PresentationStyles\VS2013\scripts\branding.js -&gt; D:\TELERIK\Екипна работа\QPC\trunk\SandcastleDocumentation\Documentation Output Path\Working\Output\Website\scripts\branding.js
D:\Program Files (x86)\EWSoftware\Sandcastle Help File Builder\PresentationStyles\VS2013\styles\branding-cs-CZ.css -&gt; D:\TELERIK\Екипна работа\QPC\trunk\SandcastleDocumentation\Documentation Output Path\Working\Output\Website\styles\branding-cs-CZ.css
D:\Program Files (x86)\EWSoftware\Sandcastle Help File Builder\PresentationStyles\VS2013\styles\branding-de-DE.css -&gt; D:\TELERIK\Екипна работа\QPC\trunk\SandcastleDocumentation\Documentation Output Path\Working\Output\Website\styles\branding-de-DE.css
D:\Program Files (x86)\EWSoftware\Sandcastle Help File Builder\PresentationStyles\VS2013\styles\branding-en-US.css -&gt; D:\TELERIK\Екипна работа\QPC\trunk\SandcastleDocumentation\Documentation Output Path\Working\Output\Website\styles\branding-en-US.css
D:\Program Files (x86)\EWSoftware\Sandcastle Help File Builder\PresentationStyles\VS2013\styles\branding-es-ES.css -&gt; D:\TELERIK\Екипна работа\QPC\trunk\SandcastleDocumentation\Documentation Output Path\Working\Output\Website\styles\branding-es-ES.css
D:\Program Files (x86)\EWSoftware\Sandcastle Help File Builder\PresentationStyles\VS2013\styles\branding-fr-FR.css -&gt; D:\TELERIK\Екипна работа\QPC\trunk\SandcastleDocumentation\Documentation Output Path\Working\Output\Website\styles\branding-fr-FR.css
D:\Program Files (x86)\EWSoftware\Sandcastle Help File Builder\PresentationStyles\VS2013\styles\branding-Help1.css -&gt; D:\TELERIK\Екипна работа\QPC\trunk\SandcastleDocumentation\Documentation Output Path\Working\Output\Website\styles\branding-Help1.css
D:\Program Files (x86)\EWSoftware\Sandcastle Help File Builder\PresentationStyles\VS2013\styles\branding-Help2.css -&gt; D:\TELERIK\Екипна работа\QPC\trunk\SandcastleDocumentation\Documentation Output Path\Working\Output\Website\styles\branding-Help2.css
D:\Program Files (x86)\EWSoftware\Sandcastle Help File Builder\PresentationStyles\VS2013\styles\branding-HelpViewer.css -&gt; D:\TELERIK\Екипна работа\QPC\trunk\SandcastleDocumentation\Documentation Output Path\Working\Output\Website\styles\branding-HelpViewer.css
D:\Program Files (x86)\EWSoftware\Sandcastle Help File Builder\PresentationStyles\VS2013\styles\branding-it-IT.css -&gt; D:\TELERIK\Екипна работа\QPC\trunk\SandcastleDocumentation\Documentation Output Path\Working\Output\Website\styles\branding-it-IT.css
D:\Program Files (x86)\EWSoftware\Sandcastle Help File Builder\PresentationStyles\VS2013\styles\branding-ja-JP.css -&gt; D:\TELERIK\Екипна работа\QPC\trunk\SandcastleDocumentation\Documentation Output Path\Working\Output\Website\styles\branding-ja-JP.css
D:\Program Files (x86)\EWSoftware\Sandcastle Help File Builder\PresentationStyles\VS2013\styles\branding-ko-KR.css -&gt; D:\TELERIK\Екипна работа\QPC\trunk\SandcastleDocumentation\Documentation Output Path\Working\Output\Website\styles\branding-ko-KR.css
D:\Program Files (x86)\EWSoftware\Sandcastle Help File Builder\PresentationStyles\VS2013\styles\branding-pl-PL.css -&gt; D:\TELERIK\Екипна работа\QPC\trunk\SandcastleDocumentation\Documentation Output Path\Working\Output\Website\styles\branding-pl-PL.css
D:\Program Files (x86)\EWSoftware\Sandcastle Help File Builder\PresentationStyles\VS2013\styles\branding-pt-BR.css -&gt; D:\TELERIK\Екипна работа\QPC\trunk\SandcastleDocumentation\Documentation Output Path\Working\Output\Website\styles\branding-pt-BR.css
D:\Program Files (x86)\EWSoftware\Sandcastle Help File Builder\PresentationStyles\VS2013\styles\branding-ru-RU.css -&gt; D:\TELERIK\Екипна работа\QPC\trunk\SandcastleDocumentation\Documentation Output Path\Working\Output\Website\styles\branding-ru-RU.css
D:\Program Files (x86)\EWSoftware\Sandcastle Help File Builder\PresentationStyles\VS2013\styles\branding-tr-TR.css -&gt; D:\TELERIK\Екипна работа\QPC\trunk\SandcastleDocumentation\Documentation Output Path\Working\Output\Website\styles\branding-tr-TR.css
D:\Program Files (x86)\EWSoftware\Sandcastle Help File Builder\PresentationStyles\VS2013\styles\branding-Website.css -&gt; D:\TELERIK\Екипна работа\QPC\trunk\SandcastleDocumentation\Documentation Output Path\Working\Output\Website\styles\branding-Website.css
D:\Program Files (x86)\EWSoftware\Sandcastle Help File Builder\PresentationStyles\VS2013\styles\branding-zh-CN.css -&gt; D:\TELERIK\Екипна работа\QPC\trunk\SandcastleDocumentation\Documentation Output Path\Working\Output\Website\styles\branding-zh-CN.css
D:\Program Files (x86)\EWSoftware\Sandcastle Help File Builder\PresentationStyles\VS2013\styles\branding-zh-TW.css -&gt; D:\TELERIK\Екипна работа\QPC\trunk\SandcastleDocumentation\Documentation Output Path\Working\Output\Website\styles\branding-zh-TW.css
D:\Program Files (x86)\EWSoftware\Sandcastle Help File Builder\PresentationStyles\VS2013\styles\branding.css -&gt; D:\TELERIK\Екипна работа\QPC\trunk\SandcastleDocumentation\Documentation Output Path\Working\Output\Website\styles\branding.css
D:\Program Files (x86)\EWSoftware\Sandcastle Help File Builder\PresentationStyles\VS2013\Web\index.html -&gt; D:\TELERIK\Екипна работа\QPC\trunk\SandcastleDocumentation\Documentation Output Path\Working\Output\Website\index.html
D:\Program Files (x86)\EWSoftware\Sandcastle Help File Builder\PresentationStyles\VS2013\Web\search.html -&gt; D:\TELERIK\Екипна работа\QPC\trunk\SandcastleDocumentation\Documentation Output Path\Working\Output\Website\search.html
D:\Program Files (x86)\EWSoftware\Sandcastle Help File Builder\PresentationStyles\VS2013\Web\SearchHelp.aspx -&gt; D:\TELERIK\Екипна работа\QPC\trunk\SandcastleDocumentation\Documentation Output Path\Working\Output\Website\SearchHelp.aspx
D:\Program Files (x86)\EWSoftware\Sandcastle Help File Builder\PresentationStyles\VS2013\Web\SearchHelp.inc.php -&gt; D:\TELERIK\Екипна работа\QPC\trunk\SandcastleDocumentation\Documentation Output Path\Working\Output\Website\SearchHelp.inc.php
D:\Program Files (x86)\EWSoftware\Sandcastle Help File Builder\PresentationStyles\VS2013\Web\SearchHelp.php -&gt; D:\TELERIK\Екипна работа\QPC\trunk\SandcastleDocumentation\Documentation Output Path\Working\Output\Website\SearchHelp.php
D:\Program Files (x86)\EWSoftware\Sandcastle Help File Builder\PresentationStyles\VS2013\Web\Web.Config -&gt; D:\TELERIK\Екипна работа\QPC\trunk\SandcastleDocumentation\Documentation Output Path\Working\Output\Website\Web.Config
D:\Program Files (x86)\EWSoftware\Sandcastle Help File Builder\PresentationStyles\VS2013\Web\icons\Search.png -&gt; D:\TELERIK\Екипна работа\QPC\trunk\SandcastleDocumentation\Documentation Output Path\Working\Output\Website\icons\Search.png
D:\Program Files (x86)\EWSoftware\Sandcastle Help File Builder\PresentationStyles\VS2013\Web\icons\TocClose.gif -&gt; D:\TELERIK\Екипна работа\QPC\trunk\SandcastleDocumentation\Documentation Output Path\Working\Output\Website\icons\TocClose.gif
D:\Program Files (x86)\EWSoftware\Sandcastle Help File Builder\PresentationStyles\VS2013\Web\icons\TocCollapsed.gif -&gt; D:\TELERIK\Екипна работа\QPC\trunk\SandcastleDocumentation\Documentation Output Path\Working\Output\Website\icons\TocCollapsed.gif
D:\Program Files (x86)\EWSoftware\Sandcastle Help File Builder\PresentationStyles\VS2013\Web\icons\TocExpanded.gif -&gt; D:\TELERIK\Екипна работа\QPC\trunk\SandcastleDocumentation\Documentation Output Path\Working\Output\Website\icons\TocExpanded.gif
D:\Program Files (x86)\EWSoftware\Sandcastle Help File Builder\PresentationStyles\VS2013\Web\icons\TocOpen.gif -&gt; D:\TELERIK\Екипна работа\QPC\trunk\SandcastleDocumentation\Documentation Output Path\Working\Output\Website\icons\TocOpen.gif
D:\Program Files (x86)\EWSoftware\Sandcastle Help File Builder\PresentationStyles\VS2013\Web\scripts\branding-Website.js -&gt; D:\TELERIK\Екипна работа\QPC\trunk\SandcastleDocumentation\Documentation Output Path\Working\Output\Website\scripts\branding-Website.js
D:\Program Files (x86)\EWSoftware\Sandcastle Help File Builder\PresentationStyles\VS2013\Web\scripts\jquery-1.11.0.min.js -&gt; D:\TELERIK\Екипна работа\QPC\trunk\SandcastleDocumentation\Documentation Output Path\Working\Output\Website\scripts\jquery-1.11.0.min.js
    Last step completed in 00:00:00.3020
</buildStep>
<buildStep step="GenerateHelpFormatTableOfContents">
Generating website table of contents file...
    Last step completed in 00:00:00.0080
</buildStep>
<buildStep step="GenerateFullTextIndex">
Generating full-text index for the website...

<plugIn name="Lightweight Website Style" behavior="After" priority="1000">
Adding lightweight search and TOC elements to each topic...
</plugIn>    Last step completed in 00:00:00.3090
</buildStep>
<buildStep step="CopyingWebsiteFiles">
Copying website files to output folder...

Copied 100 files
Copied 200 files
Copied 273 files for the website content
    Last step completed in 00:00:00.1680
</buildStep>
<buildStep step="CleanIntermediates">
Removing intermediate files...
    Last step completed in 00:00:00.0940
</buildStep>
<buildStep step="Completed">

Build completed successfully at 07/15/2014 02:20 PM.  Total time: 00:00:13.6998

</buildStep>
</shfbBuild>
