<?xml version="1.0" encoding="utf-8"?>
<shfbBuild product="Sandcastle Help File Builder" version="2014.5.31.0" projectFile="D:\TELERIK\Екипна работа\QPC\trunk\SandcastleDocumentation\GameFifteenDocumentationFinal.shfbproj" started="7/27/2014 3:43:37 PM">
<buildStep step="Initializing">
Finding tools...
The Sandcastle tools are located in &#39;D:\Program Files (x86)\EWSoftware\Sandcastle Help File Builder\&#39;
Searching for HTML Help 1 compiler...
Found HTML Help 1 compiler in &#39;C:\Program Files (x86)\HTML Help Workshop\&#39;
Locating components in the following folder(s):
   D:\TELERIK\Екипна работа\QPC\trunk\SandcastleDocumentation
Using presentation style &#39;VS2013&#39; located in &#39;D:\Program Files (x86)\EWSoftware\Sandcastle Help File Builder\PresentationStyles\VS2013&#39;
Loading and initializing plug-ins...
Lightweight Website Style Version 2014.5.31.0
Copyright &#169; 2006-2014, Eric Woodruff, All Rights Reserved
Portions Copyright &#169; 2014, Sam Harwell, All Rights Reserved
</buildStep>
<buildStep step="ValidatingDocumentationSources">
Validating and copying documentation source information
Source: D:\TELERIK\Екипна работа\QPC\trunk\GameFifteenRefactored\GameFifteenFour.sln
    Found project &#39;D:\TELERIK\Екипна работа\QPC\trunk\GameFifteenRefactored\GameFifteen\GameFifteen.csproj&#39;
    Found project &#39;D:\TELERIK\Екипна работа\QPC\trunk\GameFifteenRefactored\GameFifteen-Tests\GameFifteen-Tests.csproj&#39;

Parsing project files
    Found assembly &#39;D:\TELERIK\Екипна работа\QPC\trunk\GameFifteenRefactored\GameFifteen\bin\Debug\GameFifteen.exe&#39;
    Found assembly &#39;D:\TELERIK\Екипна работа\QPC\trunk\GameFifteenRefactored\GameFifteen-Tests\bin\Debug\GameFifteen-Tests.dll&#39;
SHFB: Warning BE0007: A project with a different or higher framework version was found.  Changing project FrameworkVersion property from &#39;.NET Framework 4.0&#39; to &#39;.NET Framework 4.5&#39; for the build.

References to include (excluding framework assemblies):
    nunit.framework, Version=2.6.3.13283, Culture=neutral, PublicKeyToken=96d09a1eb7f44a77, processorArchitecture=MSIL
    nunit.mocks, Version=2.6.3.13283, Culture=neutral, PublicKeyToken=96d09a1eb7f44a77, processorArchitecture=MSIL

Copying XML comments files
    D:\TELERIK\Екипна работа\QPC\trunk\GameFifteenRefactored\GameFifteen\bin\Debug\GameFifteen.XML -&gt; D:\TELERIK\Екипна работа\QPC\trunk\SandcastleDocumentation\doc\Working\GameFifteen.XML
</buildStep>
<buildStep step="GenerateSharedContent">
Generating shared content files (en-US, English (United States))...
<plugIn name="Lightweight Website Style" behavior="After" priority="1000">
</plugIn>    Last step completed in 00:00:00.0030
</buildStep>
<buildStep step="GenerateApiFilter">
Generating API filter for MRefBuilder...
    Last step completed in 00:00:00.0010
</buildStep>
<buildStep step="GenerateReflectionInfo">
Generating reflection information...
[C:\Windows\Microsoft.NET\Framework64\v4.0.30319\MSBuild.exe]
Build started 7/27/2014 3:43:37 PM.
Project &quot;D:\TELERIK\…ЄЁЇ&#173;&#160; а&#160;Ў&#174;в&#160;\QPC\trunk\SandcastleDocumentation\doc\Working\GenerateRefInfo.proj&quot; on node 1 (default targets).
PrepareForBuild:
  Creating directory &quot;obj\Debug\&quot;.
GenerateRefInfo:
  MRefBuilder (v2014.5.31.0)
  Copyright c 2006-2014, Microsoft Corporation, All Rights Reserved.
  Portions Copyright c 2006-2014, Eric Woodruff, All Rights Reserved.
  Loaded 2 assemblies for reflection and 3 dependency assemblies.
  Wrote information on 5 namespaces, 23 types, and 107 members
  Copying file from &quot;reflection.org&quot; to &quot;reflection.all&quot;.
  XslTransform (v2014.5.31.0)
  Copyright c 2006-2014, Microsoft Corporation, All Rights Reserved.
  Portions Copyright c 2006-2014, Eric Woodruff, All Rights Reserved.
  Applying XSL transformation &#39;D:\Program Files (x86)\EWSoftware\Sandcastle Help File Builder\ProductionTransforms\MergeDuplicates.xsl&#39;.
Done Building Project &quot;D:\TELERIK\…ЄЁЇ&#173;&#160; а&#160;Ў&#174;в&#160;\QPC\trunk\SandcastleDocumentation\doc\Working\GenerateRefInfo.proj&quot; (default targets).

Build succeeded.

Time Elapsed 00:00:01.34
    Last step completed in 00:00:01.4311
</buildStep>
<buildStep step="TransformReflectionInfo">
Transforming reflection output...
[C:\Windows\Microsoft.NET\Framework64\v4.0.30319\MSBuild.exe]
Build started 7/27/2014 3:43:39 PM.
Project &quot;D:\TELERIK\…ЄЁЇ&#173;&#160; а&#160;Ў&#174;в&#160;\QPC\trunk\SandcastleDocumentation\doc\Working\TransformManifest.proj&quot; on node 1 (default targets).
TransformManifest:
  XslTransform (v2014.5.31.0)
  Copyright c 2006-2014, Microsoft Corporation, All Rights Reserved.
  Portions Copyright c 2006-2014, Eric Woodruff, All Rights Reserved.
  Applying XSL transformation &#39;D:\Program Files (x86)\EWSoftware\Sandcastle Help File Builder\\ProductionTransforms\ApplyVSDocModel.xsl&#39;.
  Copying file from &quot;reflection.xml&quot; to &quot;reflection.nofilenames&quot;.
  XslTransform (v2014.5.31.0)
  Copyright c 2006-2014, Microsoft Corporation, All Rights Reserved.
  Portions Copyright c 2006-2014, Eric Woodruff, All Rights Reserved.
  Applying XSL transformation &#39;D:\Program Files (x86)\EWSoftware\Sandcastle Help File Builder\ProductionTransforms\AddFilenames.xsl&#39;.
  XslTransform (v2014.5.31.0)
  Copyright c 2006-2014, Microsoft Corporation, All Rights Reserved.
  Portions Copyright c 2006-2014, Eric Woodruff, All Rights Reserved.
  Applying XSL transformation &#39;D:\Program Files (x86)\EWSoftware\Sandcastle Help File Builder\ProductionTransforms\ReflectionToManifest.xsl&#39;.
Done Building Project &quot;D:\TELERIK\…ЄЁЇ&#173;&#160; а&#160;Ў&#174;в&#160;\QPC\trunk\SandcastleDocumentation\doc\Working\TransformManifest.proj&quot; (default targets).

Build succeeded.

Time Elapsed 00:00:00.62
    Last step completed in 00:00:00.6920
</buildStep>
<buildStep step="GenerateNamespaceSummaries">
Generating namespace summary information...
    Last step completed in 00:00:00.0160
</buildStep>
<buildStep step="CopyAdditionalContent">
Copying additional content files...
No additional content to copy
    Last step completed in 00:00:00.0040
</buildStep>
<buildStep step="MergeTablesOfContents">
Merging conceptual and additional tables of contents...
    Last step completed in 00:00:00.0010
</buildStep>
<buildStep step="GenerateIntermediateTableOfContents">
Generating intermediate table of contents file...
[C:\Windows\Microsoft.NET\Framework64\v4.0.30319\MSBuild.exe]
Build started 7/27/2014 3:43:39 PM.
Project &quot;D:\TELERIK\…ЄЁЇ&#173;&#160; а&#160;Ў&#174;в&#160;\QPC\trunk\SandcastleDocumentation\doc\Working\GenerateIntermediateTOC.proj&quot; on node 1 (default targets).
GenerateIntermediateTOC:
  XslTransform (v2014.5.31.0)
  Copyright c 2006-2014, Microsoft Corporation, All Rights Reserved.
  Portions Copyright c 2006-2014, Eric Woodruff, All Rights Reserved.
  Applying XSL transformation &#39;D:\Program Files (x86)\EWSoftware\Sandcastle Help File Builder\\ProductionTransforms\CreateVSToc.xsl&#39;.
Done Building Project &quot;D:\TELERIK\…ЄЁЇ&#173;&#160; а&#160;Ў&#174;в&#160;\QPC\trunk\SandcastleDocumentation\doc\Working\GenerateIntermediateTOC.proj&quot; (default targets).

Build succeeded.

Time Elapsed 00:00:00.17
Generating conceptual content intermediate TOC file...
    Last step completed in 00:00:00.2420
</buildStep>
<buildStep step="CreateBuildAssemblerConfigs">
Creating Sandcastle configuration files...
    sandcastle.config
    Last step completed in 00:00:00.0910
</buildStep>
<buildStep step="MergeCustomConfigs">
Merging custom build component configurations
D:\TELERIK\Екипна работа\QPC\trunk\SandcastleDocumentation\doc\Working\sandcastle.config
    Last step completed in 00:00:00.0270
</buildStep>
<buildStep step="BuildReferenceTopics">
Building reference help topics...
[C:\Windows\Microsoft.NET\Framework64\v4.0.30319\MSBuild.exe]
Build started 7/27/2014 3:43:40 PM.
Project &quot;D:\TELERIK\…ЄЁЇ&#173;&#160; а&#160;Ў&#174;в&#160;\QPC\trunk\SandcastleDocumentation\doc\Working\BuildReferenceTopics.proj&quot; on node 1 (default targets).
BuildReferenceTopics:
  BuildAssembler (v2014.5.31.0)
  Copyright c 2006-2014, Microsoft Corporation, All Rights Reserved.
  Portions Copyright c 2006-2014, Eric Woodruff, All Rights Reserved.
  Loading configuration...
  Processing topics...
BuildAssembler : warning : ShowMissingComponent: [T:&lt;Module&gt;] Missing &lt;summary&gt; documentation [D:\TELERIK\…ЄЁЇ&#173;&#160; а&#160;Ў&#174;в&#160;\QPC\trunk\SandcastleDocumentation\doc\Working\BuildReferenceTopics.proj]
BuildAssembler : warning : ShowMissingComponent: [F:GameFifteen.Board.directionColumn] Missing &lt;summary&gt; documentation [D:\TELERIK\…ЄЁЇ&#173;&#160; а&#160;Ў&#174;в&#160;\QPC\trunk\SandcastleDocumentation\doc\Working\BuildReferenceTopics.proj]
BuildAssembler : warning : ShowMissingComponent: [F:GameFifteen.Board.directionRow] Missing &lt;summary&gt; documentation [D:\TELERIK\…ЄЁЇ&#173;&#160; а&#160;Ў&#174;в&#160;\QPC\trunk\SandcastleDocumentation\doc\Working\BuildReferenceTopics.proj]
BuildAssembler : warning : ShowMissingComponent: [P:GameFifteen.Board.EmptyCellColumn] Missing &lt;summary&gt; documentation [D:\TELERIK\…ЄЁЇ&#173;&#160; а&#160;Ў&#174;в&#160;\QPC\trunk\SandcastleDocumentation\doc\Working\BuildReferenceTopics.proj]
BuildAssembler : warning : ShowMissingComponent: [P:GameFifteen.Board.EmptyCellRow] Missing &lt;summary&gt; documentation [D:\TELERIK\…ЄЁЇ&#173;&#160; а&#160;Ў&#174;в&#160;\QPC\trunk\SandcastleDocumentation\doc\Working\BuildReferenceTopics.proj]
BuildAssembler : warning : ShowMissingComponent: [F:GameFifteen.Board.emptyCellValue] Missing &lt;summary&gt; documentation [D:\TELERIK\…ЄЁЇ&#173;&#160; а&#160;Ў&#174;в&#160;\QPC\trunk\SandcastleDocumentation\doc\Working\BuildReferenceTopics.proj]
BuildAssembler : warning : ShowMissingComponent: [M:GameFifteen.Board.InitializeMatrix] Missing &lt;summary&gt; documentation [D:\TELERIK\…ЄЁЇ&#173;&#160; а&#160;Ў&#174;в&#160;\QPC\trunk\SandcastleDocumentation\doc\Working\BuildReferenceTopics.proj]
BuildAssembler : warning : ShowMissingComponent: [M:GameFifteen.Board.IsMatrixOrdered] Missing &lt;summary&gt; documentation [D:\TELERIK\…ЄЁЇ&#173;&#160; а&#160;Ў&#174;в&#160;\QPC\trunk\SandcastleDocumentation\doc\Working\BuildReferenceTopics.proj]
BuildAssembler : warning : ShowMissingComponent: [M:GameFifteen.Board.IsMatrixOrdered] Missing &lt;returns&gt; documentation [D:\TELERIK\…ЄЁЇ&#173;&#160; а&#160;Ў&#174;в&#160;\QPC\trunk\SandcastleDocumentation\doc\Working\BuildReferenceTopics.proj]
BuildAssembler : warning : ShowMissingComponent: [P:GameFifteen.Board.Matrix] Missing &lt;summary&gt; documentation [D:\TELERIK\…ЄЁЇ&#173;&#160; а&#160;Ў&#174;в&#160;\QPC\trunk\SandcastleDocumentation\doc\Working\BuildReferenceTopics.proj]
BuildAssembler : warning : ShowMissingComponent: [F:GameFifteen.Board.MATRIX_SIZE] Missing &lt;summary&gt; documentation [D:\TELERIK\…ЄЁЇ&#173;&#160; а&#160;Ў&#174;в&#160;\QPC\trunk\SandcastleDocumentation\doc\Working\BuildReferenceTopics.proj]
BuildAssembler : warning : ShowMissingComponent: [F:GameFifteen.Board.MATRIX_SIZE_COLUMNS] Missing &lt;summary&gt; documentation [D:\TELERIK\…ЄЁЇ&#173;&#160; а&#160;Ў&#174;в&#160;\QPC\trunk\SandcastleDocumentation\doc\Working\BuildReferenceTopics.proj]
BuildAssembler : warning : ShowMissingComponent: [F:GameFifteen.Board.MATRIX_SIZE_ROWS] Missing &lt;summary&gt; documentation [D:\TELERIK\…ЄЁЇ&#173;&#160; а&#160;Ў&#174;в&#160;\QPC\trunk\SandcastleDocumentation\doc\Working\BuildReferenceTopics.proj]
BuildAssembler : warning : ShowMissingComponent: [M:GameFifteen.Board.MoveCell(System.Int32)] Missing &lt;summary&gt; documentation [D:\TELERIK\…ЄЁЇ&#173;&#160; а&#160;Ў&#174;в&#160;\QPC\trunk\SandcastleDocumentation\doc\Working\BuildReferenceTopics.proj]
BuildAssembler : warning : ShowMissingComponent: [M:GameFifteen.Board.MoveCell(System.Int32)] Missing &lt;param name=&quot;direction&quot;/&gt; documentation [D:\TELERIK\…ЄЁЇ&#173;&#160; а&#160;Ў&#174;в&#160;\QPC\trunk\SandcastleDocumentation\doc\Working\BuildReferenceTopics.proj]
BuildAssembler : warning : ShowMissingComponent: [E:GameFifteen.Board.MovePerformed] Missing &lt;summary&gt; documentation [D:\TELERIK\…ЄЁЇ&#173;&#160; а&#160;Ў&#174;в&#160;\QPC\trunk\SandcastleDocumentation\doc\Working\BuildReferenceTopics.proj]
BuildAssembler : warning : ShowMissingComponent: [F:GameFifteen.Board.random] Missing &lt;summary&gt; documentation [D:\TELERIK\…ЄЁЇ&#173;&#160; а&#160;Ў&#174;в&#160;\QPC\trunk\SandcastleDocumentation\doc\Working\BuildReferenceTopics.proj]
BuildAssembler : warning : ShowMissingComponent: [M:GameFifteen.Board.ResetBoard(GameFifteen.State)] Missing &lt;summary&gt; documentation [D:\TELERIK\…ЄЁЇ&#173;&#160; а&#160;Ў&#174;в&#160;\QPC\trunk\SandcastleDocumentation\doc\Working\BuildReferenceTopics.proj]
BuildAssembler : warning : ShowMissingComponent: [M:GameFifteen.Board.ResetBoard(GameFifteen.State)] Missing &lt;param name=&quot;state&quot;/&gt; documentation [D:\TELERIK\…ЄЁЇ&#173;&#160; а&#160;Ў&#174;в&#160;\QPC\trunk\SandcastleDocumentation\doc\Working\BuildReferenceTopics.proj]
BuildAssembler : warning : ShowMissingComponent: [M:GameFifteen.Board.ShuffleMatrix] Missing &lt;summary&gt; documentation [D:\TELERIK\…ЄЁЇ&#173;&#160; а&#160;Ў&#174;в&#160;\QPC\trunk\SandcastleDocumentation\doc\Working\BuildReferenceTopics.proj]
BuildAssembler : warning : ShowMissingComponent: [M:GameFifteen.ConsoleWriter.PrintMatrix(GameFifteen.Board)] Missing &lt;summary&gt; documentation [D:\TELERIK\…ЄЁЇ&#173;&#160; а&#160;Ў&#174;в&#160;\QPC\trunk\SandcastleDocumentation\doc\Working\BuildReferenceTopics.proj]
BuildAssembler : warning : ShowMissingComponent: [M:GameFifteen.ConsoleWriter.PrintMatrix(GameFifteen.Board)] Missing &lt;param name=&quot;board&quot;/&gt; documentation [D:\TELERIK\…ЄЁЇ&#173;&#160; а&#160;Ў&#174;в&#160;\QPC\trunk\SandcastleDocumentation\doc\Working\BuildReferenceTopics.proj]
BuildAssembler : warning : ShowMissingComponent: [M:GameFifteen.ConsoleWriter.PrintMessage(System.String)] Missing &lt;summary&gt; documentation [D:\TELERIK\…ЄЁЇ&#173;&#160; а&#160;Ў&#174;в&#160;\QPC\trunk\SandcastleDocumentation\doc\Working\BuildReferenceTopics.proj]
BuildAssembler : warning : ShowMissingComponent: [M:GameFifteen.ConsoleWriter.PrintMessage(System.String)] Missing &lt;param name=&quot;message&quot;/&gt; documentation [D:\TELERIK\…ЄЁЇ&#173;&#160; а&#160;Ў&#174;в&#160;\QPC\trunk\SandcastleDocumentation\doc\Working\BuildReferenceTopics.proj]
BuildAssembler : warning : ShowMissingComponent: [M:GameFifteen.ConsoleWriter.PrintTopScores] Missing &lt;summary&gt; documentation [D:\TELERIK\…ЄЁЇ&#173;&#160; а&#160;Ў&#174;в&#160;\QPC\trunk\SandcastleDocumentation\doc\Working\BuildReferenceTopics.proj]
BuildAssembler : warning : ShowMissingComponent: [P:GameFifteen.Game.Board] Missing &lt;summary&gt; documentation [D:\TELERIK\…ЄЁЇ&#173;&#160; а&#160;Ў&#174;в&#160;\QPC\trunk\SandcastleDocumentation\doc\Working\BuildReferenceTopics.proj]
BuildAssembler : warning : ShowMissingComponent: [F:GameFifteen.Game.GameInstance] Missing &lt;summary&gt; documentation [D:\TELERIK\…ЄЁЇ&#173;&#160; а&#160;Ў&#174;в&#160;\QPC\trunk\SandcastleDocumentation\doc\Working\BuildReferenceTopics.proj]
BuildAssembler : warning : ShowMissingComponent: [P:GameFifteen.Game.IsFinished] Missing &lt;summary&gt; documentation [D:\TELERIK\…ЄЁЇ&#173;&#160; а&#160;Ў&#174;в&#160;\QPC\trunk\SandcastleDocumentation\doc\Working\BuildReferenceTopics.proj]
BuildAssembler : warning : ShowMissingComponent: [M:GameFifteen.Game.Restart] Missing &lt;summary&gt; documentation [D:\TELERIK\…ЄЁЇ&#173;&#160; а&#160;Ў&#174;в&#160;\QPC\trunk\SandcastleDocumentation\doc\Working\BuildReferenceTopics.proj]
BuildAssembler : warning : ShowMissingComponent: [P:GameFifteen.Game.SavedStates] Missing &lt;summary&gt; documentation [D:\TELERIK\…ЄЁЇ&#173;&#160; а&#160;Ў&#174;в&#160;\QPC\trunk\SandcastleDocumentation\doc\Working\BuildReferenceTopics.proj]
BuildAssembler : warning : ShowMissingComponent: [P:GameFifteen.Game.Turn] Missing &lt;summary&gt; documentation [D:\TELERIK\…ЄЁЇ&#173;&#160; а&#160;Ў&#174;в&#160;\QPC\trunk\SandcastleDocumentation\doc\Working\BuildReferenceTopics.proj]
BuildAssembler : warning : ShowMissingComponent: [M:GameFifteen.Game.UpdateTurns(System.Object,GameFifteen.MovePerformedEventArgs)] Missing &lt;summary&gt; documentation [D:\TELERIK\…ЄЁЇ&#173;&#160; а&#160;Ў&#174;в&#160;\QPC\trunk\SandcastleDocumentation\doc\Working\BuildReferenceTopics.proj]
BuildAssembler : warning : ShowMissingComponent: [M:GameFifteen.Game.UpdateTurns(System.Object,GameFifteen.MovePerformedEventArgs)] Missing &lt;param name=&quot;sender&quot;/&gt; documentation [D:\TELERIK\…ЄЁЇ&#173;&#160; а&#160;Ў&#174;в&#160;\QPC\trunk\SandcastleDocumentation\doc\Working\BuildReferenceTopics.proj]
BuildAssembler : warning : ShowMissingComponent: [M:GameFifteen.Game.UpdateTurns(System.Object,GameFifteen.MovePerformedEventArgs)] Missing &lt;param name=&quot;e&quot;/&gt; documentation [D:\TELERIK\…ЄЁЇ&#173;&#160; а&#160;Ў&#174;в&#160;\QPC\trunk\SandcastleDocumentation\doc\Working\BuildReferenceTopics.proj]
BuildAssembler : warning : ShowMissingComponent: [M:GameFifteen.Messages.CongratulationMessage(System.String)] Missing &lt;summary&gt; documentation [D:\TELERIK\…ЄЁЇ&#173;&#160; а&#160;Ў&#174;в&#160;\QPC\trunk\SandcastleDocumentation\doc\Working\BuildReferenceTopics.proj]
BuildAssembler : warning : ShowMissingComponent: [M:GameFifteen.Messages.CongratulationMessage(System.String)] Missing &lt;returns&gt; documentation [D:\TELERIK\…ЄЁЇ&#173;&#160; а&#160;Ў&#174;в&#160;\QPC\trunk\SandcastleDocumentation\doc\Working\BuildReferenceTopics.proj]
BuildAssembler : warning : ShowMissingComponent: [M:GameFifteen.Messages.CongratulationMessage(System.String)] Missing &lt;param name=&quot;movesCount&quot;/&gt; documentation [D:\TELERIK\…ЄЁЇ&#173;&#160; а&#160;Ў&#174;в&#160;\QPC\trunk\SandcastleDocumentation\doc\Working\BuildReferenceTopics.proj]
BuildAssembler : warning : ShowMissingComponent: [M:GameFifteen.Messages.IllegalCommand] Missing &lt;summary&gt; documentation [D:\TELERIK\…ЄЁЇ&#173;&#160; а&#160;Ў&#174;в&#160;\QPC\trunk\SandcastleDocumentation\doc\Working\BuildReferenceTopics.proj]
BuildAssembler : warning : ShowMissingComponent: [M:GameFifteen.Messages.IllegalCommand] Missing &lt;returns&gt; documentation [D:\TELERIK\…ЄЁЇ&#173;&#160; а&#160;Ў&#174;в&#160;\QPC\trunk\SandcastleDocumentation\doc\Working\BuildReferenceTopics.proj]
BuildAssembler : warning : ShowMissingComponent: [M:GameFifteen.Messages.IllegalMove] Missing &lt;summary&gt; documentation [D:\TELERIK\…ЄЁЇ&#173;&#160; а&#160;Ў&#174;в&#160;\QPC\trunk\SandcastleDocumentation\doc\Working\BuildReferenceTopics.proj]
BuildAssembler : warning : ShowMissingComponent: [M:GameFifteen.Messages.IllegalMove] Missing &lt;returns&gt; documentation [D:\TELERIK\…ЄЁЇ&#173;&#160; а&#160;Ў&#174;в&#160;\QPC\trunk\SandcastleDocumentation\doc\Working\BuildReferenceTopics.proj]
BuildAssembler : warning : ShowMissingComponent: [M:GameFifteen.Messages.IllegalValue] Missing &lt;summary&gt; documentation [D:\TELERIK\…ЄЁЇ&#173;&#160; а&#160;Ў&#174;в&#160;\QPC\trunk\SandcastleDocumentation\doc\Working\BuildReferenceTopics.proj]
BuildAssembler : warning : ShowMissingComponent: [M:GameFifteen.Messages.IllegalValue] Missing &lt;returns&gt; documentation [D:\TELERIK\…ЄЁЇ&#173;&#160; а&#160;Ў&#174;в&#160;\QPC\trunk\SandcastleDocumentation\doc\Working\BuildReferenceTopics.proj]
BuildAssembler : warning : ShowMissingComponent: [F:GameFifteen.Messages.NEXT_MOVE] Missing &lt;summary&gt; documentation [D:\TELERIK\…ЄЁЇ&#173;&#160; а&#160;Ў&#174;в&#160;\QPC\trunk\SandcastleDocumentation\doc\Working\BuildReferenceTopics.proj]
BuildAssembler : warning : ShowMissingComponent: [M:GameFifteen.Messages.NoStateToRestore] Missing &lt;summary&gt; documentation [D:\TELERIK\…ЄЁЇ&#173;&#160; а&#160;Ў&#174;в&#160;\QPC\trunk\SandcastleDocumentation\doc\Working\BuildReferenceTopics.proj]
BuildAssembler : warning : ShowMissingComponent: [M:GameFifteen.Messages.NoStateToRestore] Missing &lt;returns&gt; documentation [D:\TELERIK\…ЄЁЇ&#173;&#160; а&#160;Ў&#174;в&#160;\QPC\trunk\SandcastleDocumentation\doc\Working\BuildReferenceTopics.proj]
BuildAssembler : warning : ShowMissingComponent: [M:GameFifteen.Messages.NoTopScoreAchieved(System.Int32)] Missing &lt;summary&gt; documentation [D:\TELERIK\…ЄЁЇ&#173;&#160; а&#160;Ў&#174;в&#160;\QPC\trunk\SandcastleDocumentation\doc\Working\BuildReferenceTopics.proj]
BuildAssembler : warning : ShowMissingComponent: [M:GameFifteen.Messages.NoTopScoreAchieved(System.Int32)] Missing &lt;returns&gt; documentation [D:\TELERIK\…ЄЁЇ&#173;&#160; а&#160;Ў&#174;в&#160;\QPC\trunk\SandcastleDocumentation\doc\Working\BuildReferenceTopics.proj]
BuildAssembler : warning : ShowMissingComponent: [M:GameFifteen.Messages.NoTopScoreAchieved(System.Int32)] Missing &lt;param name=&quot;score&quot;/&gt; documentation [D:\TELERIK\…ЄЁЇ&#173;&#160; а&#160;Ў&#174;в&#160;\QPC\trunk\SandcastleDocumentation\doc\Working\BuildReferenceTopics.proj]
BuildAssembler : warning : ShowMissingComponent: [M:GameFifteen.Messages.NoTopScores] Missing &lt;summary&gt; documentation [D:\TELERIK\…ЄЁЇ&#173;&#160; а&#160;Ў&#174;в&#160;\QPC\trunk\SandcastleDocumentation\doc\Working\BuildReferenceTopics.proj]
BuildAssembler : warning : ShowMissingComponent: [M:GameFifteen.Messages.NoTopScores] Missing &lt;returns&gt; documentation [D:\TELERIK\…ЄЁЇ&#173;&#160; а&#160;Ў&#174;в&#160;\QPC\trunk\SandcastleDocumentation\doc\Working\BuildReferenceTopics.proj]
BuildAssembler : warning : ShowMissingComponent: [M:GameFifteen.Messages.SaveState] Missing &lt;summary&gt; documentation [D:\TELERIK\…ЄЁЇ&#173;&#160; а&#160;Ў&#174;в&#160;\QPC\trunk\SandcastleDocumentation\doc\Working\BuildReferenceTopics.proj]
BuildAssembler : warning : ShowMissingComponent: [M:GameFifteen.Messages.SaveState] Missing &lt;returns&gt; documentation [D:\TELERIK\…ЄЁЇ&#173;&#160; а&#160;Ў&#174;в&#160;\QPC\trunk\SandcastleDocumentation\doc\Working\BuildReferenceTopics.proj]
BuildAssembler : warning : ShowMissingComponent: [M:GameFifteen.Messages.ScoreBoard] Missing &lt;summary&gt; documentation [D:\TELERIK\…ЄЁЇ&#173;&#160; а&#160;Ў&#174;в&#160;\QPC\trunk\SandcastleDocumentation\doc\Working\BuildReferenceTopics.proj]
BuildAssembler : warning : ShowMissingComponent: [M:GameFifteen.Messages.ScoreBoard] Missing &lt;returns&gt; documentation [D:\TELERIK\…ЄЁЇ&#173;&#160; а&#160;Ў&#174;в&#160;\QPC\trunk\SandcastleDocumentation\doc\Working\BuildReferenceTopics.proj]
BuildAssembler : warning : ShowMissingComponent: [M:GameFifteen.Messages.TheEnd] Missing &lt;summary&gt; documentation [D:\TELERIK\…ЄЁЇ&#173;&#160; а&#160;Ў&#174;в&#160;\QPC\trunk\SandcastleDocumentation\doc\Working\BuildReferenceTopics.proj]
BuildAssembler : warning : ShowMissingComponent: [M:GameFifteen.Messages.TheEnd] Missing &lt;returns&gt; documentation [D:\TELERIK\…ЄЁЇ&#173;&#160; а&#160;Ў&#174;в&#160;\QPC\trunk\SandcastleDocumentation\doc\Working\BuildReferenceTopics.proj]
BuildAssembler : warning : ShowMissingComponent: [F:GameFifteen.Messages.TOP_SCORE_NAME] Missing &lt;summary&gt; documentation [D:\TELERIK\…ЄЁЇ&#173;&#160; а&#160;Ў&#174;в&#160;\QPC\trunk\SandcastleDocumentation\doc\Working\BuildReferenceTopics.proj]
BuildAssembler : warning : ShowMissingComponent: [M:GameFifteen.Messages.Welcome] Missing &lt;summary&gt; documentation [D:\TELERIK\…ЄЁЇ&#173;&#160; а&#160;Ў&#174;в&#160;\QPC\trunk\SandcastleDocumentation\doc\Working\BuildReferenceTopics.proj]
BuildAssembler : warning : ShowMissingComponent: [M:GameFifteen.Messages.Welcome] Missing &lt;returns&gt; documentation [D:\TELERIK\…ЄЁЇ&#173;&#160; а&#160;Ў&#174;в&#160;\QPC\trunk\SandcastleDocumentation\doc\Working\BuildReferenceTopics.proj]
BuildAssembler : warning : ShowMissingComponent: [P:GameFifteen.PersonalScore.UserName] Missing &lt;summary&gt; documentation [D:\TELERIK\…ЄЁЇ&#173;&#160; а&#160;Ў&#174;в&#160;\QPC\trunk\SandcastleDocumentation\doc\Working\BuildReferenceTopics.proj]
BuildAssembler : warning : ShowMissingComponent: [P:GameFifteen.PersonalScore.UserScore] Missing &lt;summary&gt; documentation [D:\TELERIK\…ЄЁЇ&#173;&#160; а&#160;Ў&#174;в&#160;\QPC\trunk\SandcastleDocumentation\doc\Working\BuildReferenceTopics.proj]
BuildAssembler : warning : ShowMissingComponent: [M:GameFifteen.State.#ctor(System.Int32,GameFifteen.Board)] Missing &lt;param name=&quot;turn&quot;/&gt; documentation [D:\TELERIK\…ЄЁЇ&#173;&#160; а&#160;Ў&#174;в&#160;\QPC\trunk\SandcastleDocumentation\doc\Working\BuildReferenceTopics.proj]
BuildAssembler : warning : ShowMissingComponent: [M:GameFifteen.State.#ctor(System.Int32,GameFifteen.Board)] Missing &lt;param name=&quot;board&quot;/&gt; documentation [D:\TELERIK\…ЄЁЇ&#173;&#160; а&#160;Ў&#174;в&#160;\QPC\trunk\SandcastleDocumentation\doc\Working\BuildReferenceTopics.proj]
BuildAssembler : warning : ShowMissingComponent: [P:GameFifteen.State.EmptyCellColumn] Missing &lt;summary&gt; documentation [D:\TELERIK\…ЄЁЇ&#173;&#160; а&#160;Ў&#174;в&#160;\QPC\trunk\SandcastleDocumentation\doc\Working\BuildReferenceTopics.proj]
BuildAssembler : warning : ShowMissingComponent: [P:GameFifteen.State.EmptyCellRow] Missing &lt;summary&gt; documentation [D:\TELERIK\…ЄЁЇ&#173;&#160; а&#160;Ў&#174;в&#160;\QPC\trunk\SandcastleDocumentation\doc\Working\BuildReferenceTopics.proj]
BuildAssembler : warning : ShowMissingComponent: [P:GameFifteen.State.Matrix] Missing &lt;summary&gt; documentation [D:\TELERIK\…ЄЁЇ&#173;&#160; а&#160;Ў&#174;в&#160;\QPC\trunk\SandcastleDocumentation\doc\Working\BuildReferenceTopics.proj]
BuildAssembler : warning : ShowMissingComponent: [P:GameFifteen.State.Turn] Missing &lt;summary&gt; documentation [D:\TELERIK\…ЄЁЇ&#173;&#160; а&#160;Ў&#174;в&#160;\QPC\trunk\SandcastleDocumentation\doc\Working\BuildReferenceTopics.proj]
BuildAssembler : warning : ShowMissingComponent: [M:GameFifteen.TopScores.GetTopScoresFromFile] Missing &lt;summary&gt; documentation [D:\TELERIK\…ЄЁЇ&#173;&#160; а&#160;Ў&#174;в&#160;\QPC\trunk\SandcastleDocumentation\doc\Working\BuildReferenceTopics.proj]
BuildAssembler : warning : ShowMissingComponent: [M:GameFifteen.TopScores.GetTopScoresFromFile] Missing &lt;returns&gt; documentation [D:\TELERIK\…ЄЁЇ&#173;&#160; а&#160;Ў&#174;в&#160;\QPC\trunk\SandcastleDocumentation\doc\Working\BuildReferenceTopics.proj]
BuildAssembler : warning : ShowMissingComponent: [F:GameFifteen.TopScores.TOP_SCORES_AMOUNT] Missing &lt;summary&gt; documentation [D:\TELERIK\…ЄЁЇ&#173;&#160; а&#160;Ў&#174;в&#160;\QPC\trunk\SandcastleDocumentation\doc\Working\BuildReferenceTopics.proj]
BuildAssembler : warning : ShowMissingComponent: [F:GameFifteen.TopScores.TOP_SCORES_FILENAME] Missing &lt;summary&gt; documentation [D:\TELERIK\…ЄЁЇ&#173;&#160; а&#160;Ў&#174;в&#160;\QPC\trunk\SandcastleDocumentation\doc\Working\BuildReferenceTopics.proj]
BuildAssembler : warning : ShowMissingComponent: [F:GameFifteen.TopScores.TOP_SCORES_PERSON_PATTERN] Missing &lt;summary&gt; documentation [D:\TELERIK\…ЄЁЇ&#173;&#160; а&#160;Ў&#174;в&#160;\QPC\trunk\SandcastleDocumentation\doc\Working\BuildReferenceTopics.proj]
BuildAssembler : warning : ShowMissingComponent: [M:GameFifteen.TopScores.UpgradeTopScore(GameFifteen.Game)] Missing &lt;summary&gt; documentation [D:\TELERIK\…ЄЁЇ&#173;&#160; а&#160;Ў&#174;в&#160;\QPC\trunk\SandcastleDocumentation\doc\Working\BuildReferenceTopics.proj]
BuildAssembler : warning : ShowMissingComponent: [M:GameFifteen.TopScores.UpgradeTopScore(GameFifteen.Game)] Missing &lt;param name=&quot;game&quot;/&gt; documentation [D:\TELERIK\…ЄЁЇ&#173;&#160; а&#160;Ў&#174;в&#160;\QPC\trunk\SandcastleDocumentation\doc\Working\BuildReferenceTopics.proj]
BuildAssembler : warning : ShowMissingComponent: [M:GameFifteen.TopScores.UpgradeTopScoreInFile(System.Linq.IOrderedEnumerable{GameFifteen.PersonalScore})] Missing &lt;summary&gt; documentation [D:\TELERIK\…ЄЁЇ&#173;&#160; а&#160;Ў&#174;в&#160;\QPC\trunk\SandcastleDocumentation\doc\Working\BuildReferenceTopics.proj]
BuildAssembler : warning : ShowMissingComponent: [M:GameFifteen.TopScores.UpgradeTopScoreInFile(System.Linq.IOrderedEnumerable{GameFifteen.PersonalScore})] Missing &lt;param name=&quot;sortedScores&quot;/&gt; documentation [D:\TELERIK\…ЄЁЇ&#173;&#160; а&#160;Ў&#174;в&#160;\QPC\trunk\SandcastleDocumentation\doc\Working\BuildReferenceTopics.proj]
BuildAssembler : warning : ShowMissingComponent: [M:GameFifteen.TopScores.UpgradeTopScorePairs(System.String[])] Missing &lt;summary&gt; documentation [D:\TELERIK\…ЄЁЇ&#173;&#160; а&#160;Ў&#174;в&#160;\QPC\trunk\SandcastleDocumentation\doc\Working\BuildReferenceTopics.proj]
BuildAssembler : warning : ShowMissingComponent: [M:GameFifteen.TopScores.UpgradeTopScorePairs(System.String[])] Missing &lt;returns&gt; documentation [D:\TELERIK\…ЄЁЇ&#173;&#160; а&#160;Ў&#174;в&#160;\QPC\trunk\SandcastleDocumentation\doc\Working\BuildReferenceTopics.proj]
BuildAssembler : warning : ShowMissingComponent: [M:GameFifteen.TopScores.UpgradeTopScorePairs(System.String[])] Missing &lt;param name=&quot;topScores&quot;/&gt; documentation [D:\TELERIK\…ЄЁЇ&#173;&#160; а&#160;Ў&#174;в&#160;\QPC\trunk\SandcastleDocumentation\doc\Working\BuildReferenceTopics.proj]
BuildAssembler : warning : ShowMissingComponent: [T:GameFifteen.Interfaces.ICommand] Missing &lt;summary&gt; documentation [D:\TELERIK\…ЄЁЇ&#173;&#160; а&#160;Ў&#174;в&#160;\QPC\trunk\SandcastleDocumentation\doc\Working\BuildReferenceTopics.proj]
BuildAssembler : warning : ShowMissingComponent: [M:GameFifteen.Interfaces.ICommand.Execute(System.Object[])] Missing &lt;summary&gt; documentation [D:\TELERIK\…ЄЁЇ&#173;&#160; а&#160;Ў&#174;в&#160;\QPC\trunk\SandcastleDocumentation\doc\Working\BuildReferenceTopics.proj]
BuildAssembler : warning : ShowMissingComponent: [M:GameFifteen.Interfaces.ICommand.Execute(System.Object[])] Missing &lt;param name=&quot;list&quot;/&gt; documentation [D:\TELERIK\…ЄЁЇ&#173;&#160; а&#160;Ў&#174;в&#160;\QPC\trunk\SandcastleDocumentation\doc\Working\BuildReferenceTopics.proj]
BuildAssembler : warning : ShowMissingComponent: [T:GameFifteen.Interfaces.IGame] Missing &lt;summary&gt; documentation [D:\TELERIK\…ЄЁЇ&#173;&#160; а&#160;Ў&#174;в&#160;\QPC\trunk\SandcastleDocumentation\doc\Working\BuildReferenceTopics.proj]
BuildAssembler : warning : ShowMissingComponent: [M:GameFifteen.Interfaces.IGame.LoadTurns] Missing &lt;summary&gt; documentation [D:\TELERIK\…ЄЁЇ&#173;&#160; а&#160;Ў&#174;в&#160;\QPC\trunk\SandcastleDocumentation\doc\Working\BuildReferenceTopics.proj]
BuildAssembler : warning : ShowMissingComponent: [M:GameFifteen.Interfaces.IGame.Restart] Missing &lt;summary&gt; documentation [D:\TELERIK\…ЄЁЇ&#173;&#160; а&#160;Ў&#174;в&#160;\QPC\trunk\SandcastleDocumentation\doc\Working\BuildReferenceTopics.proj]
BuildAssembler : warning : ShowMissingComponent: [M:GameFifteen.Interfaces.IGame.RestoreState] Missing &lt;summary&gt; documentation [D:\TELERIK\…ЄЁЇ&#173;&#160; а&#160;Ў&#174;в&#160;\QPC\trunk\SandcastleDocumentation\doc\Working\BuildReferenceTopics.proj]
BuildAssembler : warning : ShowMissingComponent: [M:GameFifteen.Interfaces.IGame.SaveState] Missing &lt;summary&gt; documentation [D:\TELERIK\…ЄЁЇ&#173;&#160; а&#160;Ў&#174;в&#160;\QPC\trunk\SandcastleDocumentation\doc\Working\BuildReferenceTopics.proj]
BuildAssembler : warning : ShowMissingComponent: [M:GameFifteen.ManageInput.Exit.#ctor(GameFifteen.Game)] Missing &lt;param name=&quot;game&quot;/&gt; documentation [D:\TELERIK\…ЄЁЇ&#173;&#160; а&#160;Ў&#174;в&#160;\QPC\trunk\SandcastleDocumentation\doc\Working\BuildReferenceTopics.proj]
BuildAssembler : warning : ShowMissingComponent: [M:GameFifteen.ManageInput.Exit.Execute(System.Object[])] Missing &lt;summary&gt; documentation [D:\TELERIK\…ЄЁЇ&#173;&#160; а&#160;Ў&#174;в&#160;\QPC\trunk\SandcastleDocumentation\doc\Working\BuildReferenceTopics.proj]
BuildAssembler : warning : ShowMissingComponent: [M:GameFifteen.ManageInput.Exit.Execute(System.Object[])] Missing &lt;param name=&quot;list&quot;/&gt; documentation [D:\TELERIK\…ЄЁЇ&#173;&#160; а&#160;Ў&#174;в&#160;\QPC\trunk\SandcastleDocumentation\doc\Working\BuildReferenceTopics.proj]
BuildAssembler : warning : ShowMissingComponent: [F:GameFifteen.ManageInput.Exit.game] Missing &lt;summary&gt; documentation [D:\TELERIK\…ЄЁЇ&#173;&#160; а&#160;Ў&#174;в&#160;\QPC\trunk\SandcastleDocumentation\doc\Working\BuildReferenceTopics.proj]
BuildAssembler : warning : ShowMissingComponent: [M:GameFifteen.ManageInput.Move.Execute(System.Object[])] Missing &lt;summary&gt; documentation [D:\TELERIK\…ЄЁЇ&#173;&#160; а&#160;Ў&#174;в&#160;\QPC\trunk\SandcastleDocumentation\doc\Working\BuildReferenceTopics.proj]
BuildAssembler : warning : ShowMissingComponent: [M:GameFifteen.ManageInput.Move.Execute(System.Object[])] Missing &lt;param name=&quot;list&quot;/&gt; documentation [D:\TELERIK\…ЄЁЇ&#173;&#160; а&#160;Ў&#174;в&#160;\QPC\trunk\SandcastleDocumentation\doc\Working\BuildReferenceTopics.proj]
BuildAssembler : warning : ShowMissingComponent: [M:GameFifteen.ManageInput.Restart.Execute(System.Object[])] Missing &lt;summary&gt; documentation [D:\TELERIK\…ЄЁЇ&#173;&#160; а&#160;Ў&#174;в&#160;\QPC\trunk\SandcastleDocumentation\doc\Working\BuildReferenceTopics.proj]
BuildAssembler : warning : ShowMissingComponent: [M:GameFifteen.ManageInput.Restart.Execute(System.Object[])] Missing &lt;param name=&quot;list&quot;/&gt; documentation [D:\TELERIK\…ЄЁЇ&#173;&#160; а&#160;Ў&#174;в&#160;\QPC\trunk\SandcastleDocumentation\doc\Working\BuildReferenceTopics.proj]
BuildAssembler : warning : ShowMissingComponent: [M:GameFifteen.ManageInput.Restore.Execute(System.Object[])] Missing &lt;summary&gt; documentation [D:\TELERIK\…ЄЁЇ&#173;&#160; а&#160;Ў&#174;в&#160;\QPC\trunk\SandcastleDocumentation\doc\Working\BuildReferenceTopics.proj]
BuildAssembler : warning : ShowMissingComponent: [M:GameFifteen.ManageInput.Restore.Execute(System.Object[])] Missing &lt;param name=&quot;list&quot;/&gt; documentation [D:\TELERIK\…ЄЁЇ&#173;&#160; а&#160;Ў&#174;в&#160;\QPC\trunk\SandcastleDocumentation\doc\Working\BuildReferenceTopics.proj]
BuildAssembler : warning : ShowMissingComponent: [M:GameFifteen.ManageInput.Save.Execute(System.Object[])] Missing &lt;summary&gt; documentation [D:\TELERIK\…ЄЁЇ&#173;&#160; а&#160;Ў&#174;в&#160;\QPC\trunk\SandcastleDocumentation\doc\Working\BuildReferenceTopics.proj]
BuildAssembler : warning : ShowMissingComponent: [M:GameFifteen.ManageInput.Save.Execute(System.Object[])] Missing &lt;param name=&quot;list&quot;/&gt; documentation [D:\TELERIK\…ЄЁЇ&#173;&#160; а&#160;Ў&#174;в&#160;\QPC\trunk\SandcastleDocumentation\doc\Working\BuildReferenceTopics.proj]
BuildAssembler : warning : ShowMissingComponent: [M:GameFifteen.ManageInput.Top.Execute(System.Object[])] Missing &lt;summary&gt; documentation [D:\TELERIK\…ЄЁЇ&#173;&#160; а&#160;Ў&#174;в&#160;\QPC\trunk\SandcastleDocumentation\doc\Working\BuildReferenceTopics.proj]
BuildAssembler : warning : ShowMissingComponent: [M:GameFifteen.ManageInput.Top.Execute(System.Object[])] Missing &lt;param name=&quot;list&quot;/&gt; documentation [D:\TELERIK\…ЄЁЇ&#173;&#160; а&#160;Ў&#174;в&#160;\QPC\trunk\SandcastleDocumentation\doc\Working\BuildReferenceTopics.proj]
BuildAssembler : warning : ShowMissingComponent: [T:GameFifteen_Tests.TestGameBoard] Missing &lt;summary&gt; documentation [D:\TELERIK\…ЄЁЇ&#173;&#160; а&#160;Ў&#174;в&#160;\QPC\trunk\SandcastleDocumentation\doc\Working\BuildReferenceTopics.proj]
BuildAssembler : warning : ShowMissingComponent: [M:GameFifteen_Tests.TestGameBoard.AreMatricesEqual(System.String[0:,0:],System.String[0:,0:])] Missing &lt;summary&gt; documentation [D:\TELERIK\…ЄЁЇ&#173;&#160; а&#160;Ў&#174;в&#160;\QPC\trunk\SandcastleDocumentation\doc\Working\BuildReferenceTopics.proj]
BuildAssembler : warning : ShowMissingComponent: [M:GameFifteen_Tests.TestGameBoard.AreMatricesEqual(System.String[0:,0:],System.String[0:,0:])] Missing &lt;returns&gt; documentation [D:\TELERIK\…ЄЁЇ&#173;&#160; а&#160;Ў&#174;в&#160;\QPC\trunk\SandcastleDocumentation\doc\Working\BuildReferenceTopics.proj]
BuildAssembler : warning : ShowMissingComponent: [M:GameFifteen_Tests.TestGameBoard.AreMatricesEqual(System.String[0:,0:],System.String[0:,0:])] Missing &lt;param name=&quot;testMatrix&quot;/&gt; documentation [D:\TELERIK\…ЄЁЇ&#173;&#160; а&#160;Ў&#174;в&#160;\QPC\trunk\SandcastleDocumentation\doc\Working\BuildReferenceTopics.proj]
BuildAssembler : warning : ShowMissingComponent: [M:GameFifteen_Tests.TestGameBoard.AreMatricesEqual(System.String[0:,0:],System.String[0:,0:])] Missing &lt;param name=&quot;testedMatrix&quot;/&gt; documentation [D:\TELERIK\…ЄЁЇ&#173;&#160; а&#160;Ў&#174;в&#160;\QPC\trunk\SandcastleDocumentation\doc\Working\BuildReferenceTopics.proj]
BuildAssembler : warning : ShowMissingComponent: [M:GameFifteen_Tests.TestGameBoard.TestShuffleMatrix] Missing &lt;summary&gt; documentation [D:\TELERIK\…ЄЁЇ&#173;&#160; а&#160;Ў&#174;в&#160;\QPC\trunk\SandcastleDocumentation\doc\Working\BuildReferenceTopics.proj]
BuildAssembler : warning : ShowMissingComponent: [T:GameFifteen_Tests.TestPersonalScore] Missing &lt;summary&gt; documentation [D:\TELERIK\…ЄЁЇ&#173;&#160; а&#160;Ў&#174;в&#160;\QPC\trunk\SandcastleDocumentation\doc\Working\BuildReferenceTopics.proj]
BuildAssembler : warning : ShowMissingComponent: [M:GameFifteen_Tests.TestPersonalScore.TestPersonalScoreConstructor] Missing &lt;summary&gt; documentation [D:\TELERIK\…ЄЁЇ&#173;&#160; а&#160;Ў&#174;в&#160;\QPC\trunk\SandcastleDocumentation\doc\Working\BuildReferenceTopics.proj]
BuildAssembler : warning : ShowMissingComponent: [M:GameFifteen_Tests.TestPersonalScore.TestPersonalScoreConstructorEmptyName] Missing &lt;summary&gt; documentation [D:\TELERIK\…ЄЁЇ&#173;&#160; а&#160;Ў&#174;в&#160;\QPC\trunk\SandcastleDocumentation\doc\Working\BuildReferenceTopics.proj]
BuildAssembler : warning : ShowMissingComponent: [T:GameFifteen_Tests.TestScore] Missing &lt;summary&gt; documentation [D:\TELERIK\…ЄЁЇ&#173;&#160; а&#160;Ў&#174;в&#160;\QPC\trunk\SandcastleDocumentation\doc\Working\BuildReferenceTopics.proj]
BuildAssembler : warning : ShowMissingComponent: [M:GameFifteen_Tests.TestScore.TestGetTopScoresFromFile] Missing &lt;summary&gt; documentation [D:\TELERIK\…ЄЁЇ&#173;&#160; а&#160;Ў&#174;в&#160;\QPC\trunk\SandcastleDocumentation\doc\Working\BuildReferenceTopics.proj]
  Processed 168 topic(s)
  113 warning(s)
  CopyFromIndexComponent: &quot;reflection&quot; in-memory cache entries used: 5 of 15.
  CopyFromIndexComponent: &quot;comments&quot; in-memory cache entries used: 1 of 30.
Done Building Project &quot;D:\TELERIK\…ЄЁЇ&#173;&#160; а&#160;Ў&#174;в&#160;\QPC\trunk\SandcastleDocumentation\doc\Working\BuildReferenceTopics.proj&quot; (default targets).

Build succeeded.

Time Elapsed 00:00:10.42
    Last step completed in 00:00:10.5246
</buildStep>
<buildStep step="CombiningIntermediateTocFiles">
Combining conceptual and API intermediate TOC files...
    Last step completed in 00:00:00.0040
</buildStep>
<buildStep step="ExtractingHtmlInfo">
Extracting HTML info for HTML Help 1 and/or website...
[C:\Windows\Microsoft.NET\Framework64\v4.0.30319\MSBuild.exe]
Sandcastle Help File Builder, version 2014.5.31.0
Copyright c 2006-2014, Eric Woodruff, All Rights Reserved
E-Mail: Eric@EWoodruff.us

Using LCID &#39;1033&#39;, code page &#39;65001&#39;, encoding charset &#39;UTF-8&#39;.

Processing Help 1 files in D:\TELERIK\…ЄЁЇ&#173;&#160; а&#160;Ў&#174;в&#160;\QPC\trunk\SandcastleDocumentation\doc\Working\Output\HtmlHelp1
Processed 168 HTML files
Sorting keywords and generating See Also indices
Saving HTML Help 1 keyword index to D:\TELERIK\…ЄЁЇ&#173;&#160; а&#160;Ў&#174;в&#160;\QPC\trunk\SandcastleDocumentation\doc\Working\Documentation.hhk
Saving HTML Help 1 table of contents to D:\TELERIK\…ЄЁЇ&#173;&#160; а&#160;Ў&#174;в&#160;\QPC\trunk\SandcastleDocumentation\doc\Working\Documentation.hhc
    Last step completed in 00:00:00.3650
</buildStep>
<buildStep step="CopyStandardHelpContent">
Copying standard help content...
D:\Program Files (x86)\EWSoftware\Sandcastle Help File Builder\PresentationStyles\VS2013\icons\AlertCaution.png -&gt; D:\TELERIK\Екипна работа\QPC\trunk\SandcastleDocumentation\doc\Working\Output\HtmlHelp1\icons\AlertCaution.png
D:\Program Files (x86)\EWSoftware\Sandcastle Help File Builder\PresentationStyles\VS2013\icons\AlertNote.png -&gt; D:\TELERIK\Екипна работа\QPC\trunk\SandcastleDocumentation\doc\Working\Output\HtmlHelp1\icons\AlertNote.png
D:\Program Files (x86)\EWSoftware\Sandcastle Help File Builder\PresentationStyles\VS2013\icons\AlertSecurity.png -&gt; D:\TELERIK\Екипна работа\QPC\trunk\SandcastleDocumentation\doc\Working\Output\HtmlHelp1\icons\AlertSecurity.png
D:\Program Files (x86)\EWSoftware\Sandcastle Help File Builder\PresentationStyles\VS2013\icons\CFW.gif -&gt; D:\TELERIK\Екипна работа\QPC\trunk\SandcastleDocumentation\doc\Working\Output\HtmlHelp1\icons\CFW.gif
D:\Program Files (x86)\EWSoftware\Sandcastle Help File Builder\PresentationStyles\VS2013\icons\CodeExample.png -&gt; D:\TELERIK\Екипна работа\QPC\trunk\SandcastleDocumentation\doc\Working\Output\HtmlHelp1\icons\CodeExample.png
D:\Program Files (x86)\EWSoftware\Sandcastle Help File Builder\PresentationStyles\VS2013\icons\favicon.ico -&gt; D:\TELERIK\Екипна работа\QPC\trunk\SandcastleDocumentation\doc\Working\Output\HtmlHelp1\icons\favicon.ico
D:\Program Files (x86)\EWSoftware\Sandcastle Help File Builder\PresentationStyles\VS2013\icons\privclass.gif -&gt; D:\TELERIK\Екипна работа\QPC\trunk\SandcastleDocumentation\doc\Working\Output\HtmlHelp1\icons\privclass.gif
D:\Program Files (x86)\EWSoftware\Sandcastle Help File Builder\PresentationStyles\VS2013\icons\privdelegate.gif -&gt; D:\TELERIK\Екипна работа\QPC\trunk\SandcastleDocumentation\doc\Working\Output\HtmlHelp1\icons\privdelegate.gif
D:\Program Files (x86)\EWSoftware\Sandcastle Help File Builder\PresentationStyles\VS2013\icons\privenumeration.gif -&gt; D:\TELERIK\Екипна работа\QPC\trunk\SandcastleDocumentation\doc\Working\Output\HtmlHelp1\icons\privenumeration.gif
D:\Program Files (x86)\EWSoftware\Sandcastle Help File Builder\PresentationStyles\VS2013\icons\privevent.gif -&gt; D:\TELERIK\Екипна работа\QPC\trunk\SandcastleDocumentation\doc\Working\Output\HtmlHelp1\icons\privevent.gif
D:\Program Files (x86)\EWSoftware\Sandcastle Help File Builder\PresentationStyles\VS2013\icons\privextension.gif -&gt; D:\TELERIK\Екипна работа\QPC\trunk\SandcastleDocumentation\doc\Working\Output\HtmlHelp1\icons\privextension.gif
D:\Program Files (x86)\EWSoftware\Sandcastle Help File Builder\PresentationStyles\VS2013\icons\privfield.gif -&gt; D:\TELERIK\Екипна работа\QPC\trunk\SandcastleDocumentation\doc\Working\Output\HtmlHelp1\icons\privfield.gif
D:\Program Files (x86)\EWSoftware\Sandcastle Help File Builder\PresentationStyles\VS2013\icons\privinterface.gif -&gt; D:\TELERIK\Екипна работа\QPC\trunk\SandcastleDocumentation\doc\Working\Output\HtmlHelp1\icons\privinterface.gif
D:\Program Files (x86)\EWSoftware\Sandcastle Help File Builder\PresentationStyles\VS2013\icons\privmethod.gif -&gt; D:\TELERIK\Екипна работа\QPC\trunk\SandcastleDocumentation\doc\Working\Output\HtmlHelp1\icons\privmethod.gif
D:\Program Files (x86)\EWSoftware\Sandcastle Help File Builder\PresentationStyles\VS2013\icons\privproperty.gif -&gt; D:\TELERIK\Екипна работа\QPC\trunk\SandcastleDocumentation\doc\Working\Output\HtmlHelp1\icons\privproperty.gif
D:\Program Files (x86)\EWSoftware\Sandcastle Help File Builder\PresentationStyles\VS2013\icons\privstructure.gif -&gt; D:\TELERIK\Екипна работа\QPC\trunk\SandcastleDocumentation\doc\Working\Output\HtmlHelp1\icons\privstructure.gif
D:\Program Files (x86)\EWSoftware\Sandcastle Help File Builder\PresentationStyles\VS2013\icons\protclass.gif -&gt; D:\TELERIK\Екипна работа\QPC\trunk\SandcastleDocumentation\doc\Working\Output\HtmlHelp1\icons\protclass.gif
D:\Program Files (x86)\EWSoftware\Sandcastle Help File Builder\PresentationStyles\VS2013\icons\protdelegate.gif -&gt; D:\TELERIK\Екипна работа\QPC\trunk\SandcastleDocumentation\doc\Working\Output\HtmlHelp1\icons\protdelegate.gif
D:\Program Files (x86)\EWSoftware\Sandcastle Help File Builder\PresentationStyles\VS2013\icons\protenumeration.gif -&gt; D:\TELERIK\Екипна работа\QPC\trunk\SandcastleDocumentation\doc\Working\Output\HtmlHelp1\icons\protenumeration.gif
D:\Program Files (x86)\EWSoftware\Sandcastle Help File Builder\PresentationStyles\VS2013\icons\protevent.gif -&gt; D:\TELERIK\Екипна работа\QPC\trunk\SandcastleDocumentation\doc\Working\Output\HtmlHelp1\icons\protevent.gif
D:\Program Files (x86)\EWSoftware\Sandcastle Help File Builder\PresentationStyles\VS2013\icons\protextension.gif -&gt; D:\TELERIK\Екипна работа\QPC\trunk\SandcastleDocumentation\doc\Working\Output\HtmlHelp1\icons\protextension.gif
D:\Program Files (x86)\EWSoftware\Sandcastle Help File Builder\PresentationStyles\VS2013\icons\protfield.gif -&gt; D:\TELERIK\Екипна работа\QPC\trunk\SandcastleDocumentation\doc\Working\Output\HtmlHelp1\icons\protfield.gif
D:\Program Files (x86)\EWSoftware\Sandcastle Help File Builder\PresentationStyles\VS2013\icons\protinterface.gif -&gt; D:\TELERIK\Екипна работа\QPC\trunk\SandcastleDocumentation\doc\Working\Output\HtmlHelp1\icons\protinterface.gif
D:\Program Files (x86)\EWSoftware\Sandcastle Help File Builder\PresentationStyles\VS2013\icons\protmethod.gif -&gt; D:\TELERIK\Екипна работа\QPC\trunk\SandcastleDocumentation\doc\Working\Output\HtmlHelp1\icons\protmethod.gif
D:\Program Files (x86)\EWSoftware\Sandcastle Help File Builder\PresentationStyles\VS2013\icons\protoperator.gif -&gt; D:\TELERIK\Екипна работа\QPC\trunk\SandcastleDocumentation\doc\Working\Output\HtmlHelp1\icons\protoperator.gif
D:\Program Files (x86)\EWSoftware\Sandcastle Help File Builder\PresentationStyles\VS2013\icons\protproperty.gif -&gt; D:\TELERIK\Екипна работа\QPC\trunk\SandcastleDocumentation\doc\Working\Output\HtmlHelp1\icons\protproperty.gif
D:\Program Files (x86)\EWSoftware\Sandcastle Help File Builder\PresentationStyles\VS2013\icons\protstructure.gif -&gt; D:\TELERIK\Екипна работа\QPC\trunk\SandcastleDocumentation\doc\Working\Output\HtmlHelp1\icons\protstructure.gif
D:\Program Files (x86)\EWSoftware\Sandcastle Help File Builder\PresentationStyles\VS2013\icons\pubclass.gif -&gt; D:\TELERIK\Екипна работа\QPC\trunk\SandcastleDocumentation\doc\Working\Output\HtmlHelp1\icons\pubclass.gif
D:\Program Files (x86)\EWSoftware\Sandcastle Help File Builder\PresentationStyles\VS2013\icons\pubdelegate.gif -&gt; D:\TELERIK\Екипна работа\QPC\trunk\SandcastleDocumentation\doc\Working\Output\HtmlHelp1\icons\pubdelegate.gif
D:\Program Files (x86)\EWSoftware\Sandcastle Help File Builder\PresentationStyles\VS2013\icons\pubenumeration.gif -&gt; D:\TELERIK\Екипна работа\QPC\trunk\SandcastleDocumentation\doc\Working\Output\HtmlHelp1\icons\pubenumeration.gif
D:\Program Files (x86)\EWSoftware\Sandcastle Help File Builder\PresentationStyles\VS2013\icons\pubevent.gif -&gt; D:\TELERIK\Екипна работа\QPC\trunk\SandcastleDocumentation\doc\Working\Output\HtmlHelp1\icons\pubevent.gif
D:\Program Files (x86)\EWSoftware\Sandcastle Help File Builder\PresentationStyles\VS2013\icons\pubextension.gif -&gt; D:\TELERIK\Екипна работа\QPC\trunk\SandcastleDocumentation\doc\Working\Output\HtmlHelp1\icons\pubextension.gif
D:\Program Files (x86)\EWSoftware\Sandcastle Help File Builder\PresentationStyles\VS2013\icons\pubfield.gif -&gt; D:\TELERIK\Екипна работа\QPC\trunk\SandcastleDocumentation\doc\Working\Output\HtmlHelp1\icons\pubfield.gif
D:\Program Files (x86)\EWSoftware\Sandcastle Help File Builder\PresentationStyles\VS2013\icons\pubinterface.gif -&gt; D:\TELERIK\Екипна работа\QPC\trunk\SandcastleDocumentation\doc\Working\Output\HtmlHelp1\icons\pubinterface.gif
D:\Program Files (x86)\EWSoftware\Sandcastle Help File Builder\PresentationStyles\VS2013\icons\pubmethod.gif -&gt; D:\TELERIK\Екипна работа\QPC\trunk\SandcastleDocumentation\doc\Working\Output\HtmlHelp1\icons\pubmethod.gif
D:\Program Files (x86)\EWSoftware\Sandcastle Help File Builder\PresentationStyles\VS2013\icons\puboperator.gif -&gt; D:\TELERIK\Екипна работа\QPC\trunk\SandcastleDocumentation\doc\Working\Output\HtmlHelp1\icons\puboperator.gif
D:\Program Files (x86)\EWSoftware\Sandcastle Help File Builder\PresentationStyles\VS2013\icons\pubproperty.gif -&gt; D:\TELERIK\Екипна работа\QPC\trunk\SandcastleDocumentation\doc\Working\Output\HtmlHelp1\icons\pubproperty.gif
D:\Program Files (x86)\EWSoftware\Sandcastle Help File Builder\PresentationStyles\VS2013\icons\pubstructure.gif -&gt; D:\TELERIK\Екипна работа\QPC\trunk\SandcastleDocumentation\doc\Working\Output\HtmlHelp1\icons\pubstructure.gif
D:\Program Files (x86)\EWSoftware\Sandcastle Help File Builder\PresentationStyles\VS2013\icons\SectionCollapsed.png -&gt; D:\TELERIK\Екипна работа\QPC\trunk\SandcastleDocumentation\doc\Working\Output\HtmlHelp1\icons\SectionCollapsed.png
D:\Program Files (x86)\EWSoftware\Sandcastle Help File Builder\PresentationStyles\VS2013\icons\SectionExpanded.png -&gt; D:\TELERIK\Екипна работа\QPC\trunk\SandcastleDocumentation\doc\Working\Output\HtmlHelp1\icons\SectionExpanded.png
D:\Program Files (x86)\EWSoftware\Sandcastle Help File Builder\PresentationStyles\VS2013\icons\slMobile.gif -&gt; D:\TELERIK\Екипна работа\QPC\trunk\SandcastleDocumentation\doc\Working\Output\HtmlHelp1\icons\slMobile.gif
D:\Program Files (x86)\EWSoftware\Sandcastle Help File Builder\PresentationStyles\VS2013\icons\static.gif -&gt; D:\TELERIK\Екипна работа\QPC\trunk\SandcastleDocumentation\doc\Working\Output\HtmlHelp1\icons\static.gif
D:\Program Files (x86)\EWSoftware\Sandcastle Help File Builder\PresentationStyles\VS2013\icons\xna.gif -&gt; D:\TELERIK\Екипна работа\QPC\trunk\SandcastleDocumentation\doc\Working\Output\HtmlHelp1\icons\xna.gif
D:\Program Files (x86)\EWSoftware\Sandcastle Help File Builder\PresentationStyles\VS2013\scripts\branding.js -&gt; D:\TELERIK\Екипна работа\QPC\trunk\SandcastleDocumentation\doc\Working\Output\HtmlHelp1\scripts\branding.js
D:\Program Files (x86)\EWSoftware\Sandcastle Help File Builder\PresentationStyles\VS2013\styles\branding-cs-CZ.css -&gt; D:\TELERIK\Екипна работа\QPC\trunk\SandcastleDocumentation\doc\Working\Output\HtmlHelp1\styles\branding-cs-CZ.css
D:\Program Files (x86)\EWSoftware\Sandcastle Help File Builder\PresentationStyles\VS2013\styles\branding-de-DE.css -&gt; D:\TELERIK\Екипна работа\QPC\trunk\SandcastleDocumentation\doc\Working\Output\HtmlHelp1\styles\branding-de-DE.css
D:\Program Files (x86)\EWSoftware\Sandcastle Help File Builder\PresentationStyles\VS2013\styles\branding-en-US.css -&gt; D:\TELERIK\Екипна работа\QPC\trunk\SandcastleDocumentation\doc\Working\Output\HtmlHelp1\styles\branding-en-US.css
D:\Program Files (x86)\EWSoftware\Sandcastle Help File Builder\PresentationStyles\VS2013\styles\branding-es-ES.css -&gt; D:\TELERIK\Екипна работа\QPC\trunk\SandcastleDocumentation\doc\Working\Output\HtmlHelp1\styles\branding-es-ES.css
D:\Program Files (x86)\EWSoftware\Sandcastle Help File Builder\PresentationStyles\VS2013\styles\branding-fr-FR.css -&gt; D:\TELERIK\Екипна работа\QPC\trunk\SandcastleDocumentation\doc\Working\Output\HtmlHelp1\styles\branding-fr-FR.css
D:\Program Files (x86)\EWSoftware\Sandcastle Help File Builder\PresentationStyles\VS2013\styles\branding-Help1.css -&gt; D:\TELERIK\Екипна работа\QPC\trunk\SandcastleDocumentation\doc\Working\Output\HtmlHelp1\styles\branding-Help1.css
D:\Program Files (x86)\EWSoftware\Sandcastle Help File Builder\PresentationStyles\VS2013\styles\branding-Help2.css -&gt; D:\TELERIK\Екипна работа\QPC\trunk\SandcastleDocumentation\doc\Working\Output\HtmlHelp1\styles\branding-Help2.css
D:\Program Files (x86)\EWSoftware\Sandcastle Help File Builder\PresentationStyles\VS2013\styles\branding-HelpViewer.css -&gt; D:\TELERIK\Екипна работа\QPC\trunk\SandcastleDocumentation\doc\Working\Output\HtmlHelp1\styles\branding-HelpViewer.css
D:\Program Files (x86)\EWSoftware\Sandcastle Help File Builder\PresentationStyles\VS2013\styles\branding-it-IT.css -&gt; D:\TELERIK\Екипна работа\QPC\trunk\SandcastleDocumentation\doc\Working\Output\HtmlHelp1\styles\branding-it-IT.css
D:\Program Files (x86)\EWSoftware\Sandcastle Help File Builder\PresentationStyles\VS2013\styles\branding-ja-JP.css -&gt; D:\TELERIK\Екипна работа\QPC\trunk\SandcastleDocumentation\doc\Working\Output\HtmlHelp1\styles\branding-ja-JP.css
D:\Program Files (x86)\EWSoftware\Sandcastle Help File Builder\PresentationStyles\VS2013\styles\branding-ko-KR.css -&gt; D:\TELERIK\Екипна работа\QPC\trunk\SandcastleDocumentation\doc\Working\Output\HtmlHelp1\styles\branding-ko-KR.css
D:\Program Files (x86)\EWSoftware\Sandcastle Help File Builder\PresentationStyles\VS2013\styles\branding-pl-PL.css -&gt; D:\TELERIK\Екипна работа\QPC\trunk\SandcastleDocumentation\doc\Working\Output\HtmlHelp1\styles\branding-pl-PL.css
D:\Program Files (x86)\EWSoftware\Sandcastle Help File Builder\PresentationStyles\VS2013\styles\branding-pt-BR.css -&gt; D:\TELERIK\Екипна работа\QPC\trunk\SandcastleDocumentation\doc\Working\Output\HtmlHelp1\styles\branding-pt-BR.css
D:\Program Files (x86)\EWSoftware\Sandcastle Help File Builder\PresentationStyles\VS2013\styles\branding-ru-RU.css -&gt; D:\TELERIK\Екипна работа\QPC\trunk\SandcastleDocumentation\doc\Working\Output\HtmlHelp1\styles\branding-ru-RU.css
D:\Program Files (x86)\EWSoftware\Sandcastle Help File Builder\PresentationStyles\VS2013\styles\branding-tr-TR.css -&gt; D:\TELERIK\Екипна работа\QPC\trunk\SandcastleDocumentation\doc\Working\Output\HtmlHelp1\styles\branding-tr-TR.css
D:\Program Files (x86)\EWSoftware\Sandcastle Help File Builder\PresentationStyles\VS2013\styles\branding-Website.css -&gt; D:\TELERIK\Екипна работа\QPC\trunk\SandcastleDocumentation\doc\Working\Output\HtmlHelp1\styles\branding-Website.css
D:\Program Files (x86)\EWSoftware\Sandcastle Help File Builder\PresentationStyles\VS2013\styles\branding-zh-CN.css -&gt; D:\TELERIK\Екипна работа\QPC\trunk\SandcastleDocumentation\doc\Working\Output\HtmlHelp1\styles\branding-zh-CN.css
D:\Program Files (x86)\EWSoftware\Sandcastle Help File Builder\PresentationStyles\VS2013\styles\branding-zh-TW.css -&gt; D:\TELERIK\Екипна работа\QPC\trunk\SandcastleDocumentation\doc\Working\Output\HtmlHelp1\styles\branding-zh-TW.css
D:\Program Files (x86)\EWSoftware\Sandcastle Help File Builder\PresentationStyles\VS2013\styles\branding.css -&gt; D:\TELERIK\Екипна работа\QPC\trunk\SandcastleDocumentation\doc\Working\Output\HtmlHelp1\styles\branding.css
    Last step completed in 00:00:00.1320
</buildStep>
<buildStep step="GenerateHelpFormatTableOfContents">
Generating HTML Help 1 table of contents file...
    Last step completed in 00:00:00.0010
</buildStep>
<buildStep step="GenerateHelpFileIndex">
Generating HTML Help 1 index file...
    Last step completed in 00:00:00.0010
</buildStep>
<buildStep step="GenerateHelpProject">
Generating HTML Help 1 project file...
    Last step completed in 00:00:00.0060
</buildStep>
<buildStep step="CompilingHelpFile">
Compiling HTML Help 1 file...
[C:\Windows\Microsoft.NET\Framework64\v4.0.30319\MSBuild.exe]
  Microsoft HTML Help Compiler 4.74.8702
  
  
  
  Compiling d:\TELERIK\Екипна работа\QPC\trunk\SandcastleDocumentation\doc\Working\Output\HtmlHelp1\Documentation.chm
  
  
  
  
  
  Compile time: 0 minutes, 2 seconds
  
  170	Topics
  
  1,701	Local links
  
  87	Internet links
  
  0	Graphics
  
  
  
  
  
  Created d:\TELERIK\Екипна работа\QPC\trunk\SandcastleDocumentation\doc\Working\Output\HtmlHelp1\Documentation.chm, 201,977 bytes
  
  Compression decreased file by 1,058,546 bytes.
  
    Last step completed in 00:00:03.2042
</buildStep>
<buildStep step="CleanIntermediates">
Removing intermediate files...
    Last step completed in 00:00:00.0490
</buildStep>
<buildStep step="Completed">

Build completed successfully at 07/27/2014 03:43 PM.  Total time: 00:00:17.2930

</buildStep>
</shfbBuild>
